2020-08-27 16:28:09,711 

2020-08-27 16:28:09,711 /home/zack/Dropbox/Library

2020-08-27 16:28:09,711 

2020-08-27 16:28:09,711 /home/zack/Dropbox/Library/Serre

2020-08-27 16:28:09,711 

2020-08-27 16:28:09,711 /home/zack/Dropbox/Library/Serre/Lie Groups and Lie Algebras (774)

2020-08-27 16:28:09,711 

2020-08-27 16:28:09,711 /home/zack/Dropbox/Library/Novikov, Taimanov

2020-08-27 16:28:09,711 

2020-08-27 16:28:09,711 /home/zack/Dropbox/Library/Novikov, Taimanov/Topological Library Part 3_ Spectral Sequences (661)

2020-08-27 16:28:09,712 

2020-08-27 16:28:09,712 /home/zack/Dropbox/Library/Notes

2020-08-27 16:28:09,712 

2020-08-27 16:28:09,712 /home/zack/Dropbox/Library/Notes/Harvard-55a (502)

2020-08-27 16:28:09,712 

2020-08-27 16:28:09,712 /home/zack/Dropbox/Library/Mark Gross

2020-08-27 16:28:09,712 

2020-08-27 16:28:09,712 /home/zack/Dropbox/Library/Mark Gross/Calabi-Yau Manifolds and Related Geometries_ Lectures at a Summer School in Nordfjordeid, Norwa (587)

2020-08-27 16:28:09,712 

2020-08-27 16:28:09,712 /home/zack/Dropbox/Library/John Stillwell

2020-08-27 16:28:09,712 

2020-08-27 16:28:09,712 /home/zack/Dropbox/Library/John Stillwell/The Four Pillars of Geometry (522)

2020-08-27 16:28:09,712 

2020-08-27 16:28:09,712 /home/zack/Dropbox/Library/John Stillwell/Mathematics and Its History (468)

2020-08-27 16:28:09,712 

2020-08-27 16:28:09,712 /home/zack/Dropbox/Library/John Stillwell/Naive Lie Theory (459)

2020-08-27 16:28:09,712 

2020-08-27 16:28:09,712 /home/zack/Dropbox/Library/Leng M. (ed.), Paseau A. (ed.), Potter M. (ed.)

2020-08-27 16:28:09,712 

2020-08-27 16:28:09,712 /home/zack/Dropbox/Library/Leng M. (ed.), Paseau A. (ed.), Potter M. (ed.)/Mathematical Knowledge (797)

2020-08-27 16:28:09,713 

2020-08-27 16:28:09,713 /home/zack/Dropbox/Library/Andrew Pressley

2020-08-27 16:28:09,713 

2020-08-27 16:28:09,713 /home/zack/Dropbox/Library/Andrew Pressley/Elementary Differential Geometry (538)

2020-08-27 16:28:09,713 

2020-08-27 16:28:09,713 /home/zack/Dropbox/Library/Babu Ram

2020-08-27 16:28:09,713 

2020-08-27 16:28:09,713 /home/zack/Dropbox/Library/Babu Ram/Engineering Mathematics (787)

2020-08-27 16:28:09,713 

2020-08-27 16:28:09,713 /home/zack/Dropbox/Library/James R. Munkres

2020-08-27 16:28:09,713 

2020-08-27 16:28:09,713 /home/zack/Dropbox/Library/James R. Munkres/Analysis on Manifolds (599)

2020-08-27 16:28:09,713 

2020-08-27 16:28:09,713 /home/zack/Dropbox/Library/James R. Munkres/Topology (416)

2020-08-27 16:28:09,713 

2020-08-27 16:28:09,713 /home/zack/Dropbox/Library/Jerrold E. Marsden

2020-08-27 16:28:09,713 

2020-08-27 16:28:09,713 /home/zack/Dropbox/Library/Jerrold E. Marsden/Basic Complex Analysis (597)

2020-08-27 16:28:09,713 

2020-08-27 16:28:09,713 /home/zack/Dropbox/Library/Ian Stewart

2020-08-27 16:28:09,713 

2020-08-27 16:28:09,714 /home/zack/Dropbox/Library/Ian Stewart/The Foundations of Mathematics (524)

2020-08-27 16:28:09,714 

2020-08-27 16:28:09,714 /home/zack/Dropbox/Library/Craven

2020-08-27 16:28:09,714 

2020-08-27 16:28:09,714 /home/zack/Dropbox/Library/Craven/Topological Methods in Algebra (686)

2020-08-27 16:28:09,714 

2020-08-27 16:28:09,714 /home/zack/Dropbox/Library/Brian C. Hall

2020-08-27 16:28:09,714 

2020-08-27 16:28:09,714 /home/zack/Dropbox/Library/Brian C. Hall/Quantum Theory for Mathematicians (699)

2020-08-27 16:28:09,714 

2020-08-27 16:28:09,714 /home/zack/Dropbox/Library/Edwin H. Spanier

2020-08-27 16:28:09,714 

2020-08-27 16:28:09,714 /home/zack/Dropbox/Library/Edwin H. Spanier/Algebraic Topology (762)

2020-08-27 16:28:09,714 

2020-08-27 16:28:09,714 /home/zack/Dropbox/Library/Gruson

2020-08-27 16:28:09,714 

2020-08-27 16:28:09,714 /home/zack/Dropbox/Library/Gruson/A Journey Through Representation Theory (717)

2020-08-27 16:28:09,714 

2020-08-27 16:28:09,714 /home/zack/Dropbox/Library/Kenneth Ireland

2020-08-27 16:28:09,714 

2020-08-27 16:28:09,714 /home/zack/Dropbox/Library/Kenneth Ireland/A Classical Introduction to Modern Number Theory (583)

2020-08-27 16:28:09,715 

2020-08-27 16:28:09,715 /home/zack/Dropbox/Library/ALEXANDER KIRILLOV, Jr_

2020-08-27 16:28:09,715 

2020-08-27 16:28:09,715 /home/zack/Dropbox/Library/ALEXANDER KIRILLOV, Jr_/An Introduction to Lie Groups and Lie Algebras (730)

2020-08-27 16:28:09,715 

2020-08-27 16:28:09,715 /home/zack/Dropbox/Library/Kolmogorov

2020-08-27 16:28:09,715 

2020-08-27 16:28:09,715 /home/zack/Dropbox/Library/Kolmogorov/Measures, Lebesgue Integrals, and Hilbert Space (465)

2020-08-27 16:28:09,715 

2020-08-27 16:28:09,715 /home/zack/Dropbox/Library/J Yeh

2020-08-27 16:28:09,715 

2020-08-27 16:28:09,715 /home/zack/Dropbox/Library/J Yeh/Real Analysis Theory of Measure (433)

2020-08-27 16:28:09,715 

2020-08-27 16:28:09,715 /home/zack/Dropbox/Library/Razvan Gelca

2020-08-27 16:28:09,715 

2020-08-27 16:28:09,715 /home/zack/Dropbox/Library/Razvan Gelca/Putnam and Beyond (437)

2020-08-27 16:28:09,715 

2020-08-27 16:28:09,715 /home/zack/Dropbox/Library/Walter Rudin

2020-08-27 16:28:09,715 

2020-08-27 16:28:09,715 /home/zack/Dropbox/Library/Walter Rudin/Solutions Manual to Walter Rudin's _Principles of Mathematical Analysis_ (422)

2020-08-27 16:28:09,716 

2020-08-27 16:28:09,716 /home/zack/Dropbox/Library/Walter Rudin/Real and Complex Analysis (439)

2020-08-27 16:28:09,716 

2020-08-27 16:28:09,716 /home/zack/Dropbox/Library/Walter Rudin/Functional Analysis (523)

2020-08-27 16:28:09,716 

2020-08-27 16:28:09,716 /home/zack/Dropbox/Library/Walter Rudin/Principles of Mathematical Analysis (431)

2020-08-27 16:28:09,716 

2020-08-27 16:28:09,716 /home/zack/Dropbox/Library/Joe Harris

2020-08-27 16:28:09,716 

2020-08-27 16:28:09,716 /home/zack/Dropbox/Library/Joe Harris/Geometry_ A First Course (739)

2020-08-27 16:28:09,716 

2020-08-27 16:28:09,716 /home/zack/Dropbox/Library/Joe Harris/Algebraic Geometry_ A First Course (606)

2020-08-27 16:28:09,716 

2020-08-27 16:28:09,716 /home/zack/Dropbox/Library/John-Pierre Serre

2020-08-27 16:28:09,716 

2020-08-27 16:28:09,716 /home/zack/Dropbox/Library/John-Pierre Serre/Trees (790)

2020-08-27 16:28:09,716 

2020-08-27 16:28:09,716 /home/zack/Dropbox/Library/Kirillov

2020-08-27 16:28:09,716 

2020-08-27 16:28:09,716 /home/zack/Dropbox/Library/Kirillov/Intro to Lie Groups and Lie Algebras (782)

2020-08-27 16:28:09,716 

2020-08-27 16:28:09,717 /home/zack/Dropbox/Library/James G., Liebeck M. W_

2020-08-27 16:28:09,717 

2020-08-27 16:28:09,717 /home/zack/Dropbox/Library/James G., Liebeck M. W_/Representations and Characters of Groups (757)

2020-08-27 16:28:09,717 

2020-08-27 16:28:09,717 /home/zack/Dropbox/Library/Ijeoma Oluo

2020-08-27 16:28:09,717 

2020-08-27 16:28:09,717 /home/zack/Dropbox/Library/Ijeoma Oluo/So You Want to Talk About Race (784)

2020-08-27 16:28:09,717 

2020-08-27 16:28:09,717 /home/zack/Dropbox/Library/Einar Hille

2020-08-27 16:28:09,717 

2020-08-27 16:28:09,717 /home/zack/Dropbox/Library/Einar Hille/Analytic Function Theory (777)

2020-08-27 16:28:09,717 

2020-08-27 16:28:09,717 /home/zack/Dropbox/Library/Anatoly Fomenko

2020-08-27 16:28:09,717 

2020-08-27 16:28:09,717 /home/zack/Dropbox/Library/Anatoly Fomenko/Homotopical Topology (707)

2020-08-27 16:28:09,717 

2020-08-27 16:28:09,717 /home/zack/Dropbox/Library/Jayce Getz

2020-08-27 16:28:09,717 

2020-08-27 16:28:09,717 /home/zack/Dropbox/Library/Jayce Getz/Hilbert Modular Forms With Coefficients in Intersection Homology and Quadratic Base Change (500)

2020-08-27 16:28:09,717 

2020-08-27 16:28:09,717 /home/zack/Dropbox/Library/H. M. Schey

2020-08-27 16:28:09,717 

2020-08-27 16:28:09,717 /home/zack/Dropbox/Library/H. M. Schey/Div, Grad, Curl, and All That_ An Informal Text on Vector Calculus (651)

2020-08-27 16:28:09,717 

2020-08-27 16:28:09,718 /home/zack/Dropbox/Library/Lee

2020-08-27 16:28:09,718 

2020-08-27 16:28:09,718 /home/zack/Dropbox/Library/Lee/Topological Manifolds (734)

2020-08-27 16:28:09,718 

2020-08-27 16:28:09,718 /home/zack/Dropbox/Library/Lee/Introduction to Smooth Manifolds (2012) (736)

2020-08-27 16:28:09,718 

2020-08-27 16:28:09,718 /home/zack/Dropbox/Library/Antonio Caminha Muniz Neto

2020-08-27 16:28:09,718 

2020-08-27 16:28:09,718 /home/zack/Dropbox/Library/Antonio Caminha Muniz Neto/An Excursion through Elementary Mathematics, Volume I Real Numbers & Functions (799)

2020-08-27 16:28:09,718 

2020-08-27 16:28:09,718 /home/zack/Dropbox/Library/Antonio Caminha Muniz Neto/An Excusrion through Elementary Mathematics, Volume III (800)

2020-08-27 16:28:09,718 

2020-08-27 16:28:09,718 /home/zack/Dropbox/Library/Daniel Freed

2020-08-27 16:28:09,718 

2020-08-27 16:28:09,718 /home/zack/Dropbox/Library/Daniel Freed/Bordism_ Old and New (746)

2020-08-27 16:28:09,718 

2020-08-27 16:28:09,718 /home/zack/Dropbox/Library/Steven J. Leon

2020-08-27 16:28:09,718 

2020-08-27 16:28:09,718 /home/zack/Dropbox/Library/Steven J. Leon/Linear Algebra With Applications (675)

2020-08-27 16:28:09,718 

2020-08-27 16:28:09,718 /home/zack/Dropbox/Library/Michael Sipser

2020-08-27 16:28:09,718 

2020-08-27 16:28:09,719 /home/zack/Dropbox/Library/Michael Sipser/Introduction to the Theory of Computation (483)

2020-08-27 16:28:09,719 

2020-08-27 16:28:09,719 /home/zack/Dropbox/Library/David A. Forsyth

2020-08-27 16:28:09,719 

2020-08-27 16:28:09,719 /home/zack/Dropbox/Library/David A. Forsyth/Computer Vision_ A Modern Approach_ A Modern Approach (563)

2020-08-27 16:28:09,719 

2020-08-27 16:28:09,719 /home/zack/Dropbox/Library/Morris W. Hirsch

2020-08-27 16:28:09,719 

2020-08-27 16:28:09,719 /home/zack/Dropbox/Library/Morris W. Hirsch/Differential Topology (698)

2020-08-27 16:28:09,719 

2020-08-27 16:28:09,719 /home/zack/Dropbox/Library/Richard L. Burden

2020-08-27 16:28:09,719 

2020-08-27 16:28:09,719 /home/zack/Dropbox/Library/Richard L. Burden/Numerical Analysis (455)

2020-08-27 16:28:09,719 

2020-08-27 16:28:09,719 /home/zack/Dropbox/Library/Loren C. Larson

2020-08-27 16:28:09,719 

2020-08-27 16:28:09,719 /home/zack/Dropbox/Library/Loren C. Larson/Problem Solving Through Problems (771)

2020-08-27 16:28:09,719 

2020-08-27 16:28:09,719 /home/zack/Dropbox/Library/Jantzen

2020-08-27 16:28:09,719 

2020-08-27 16:28:09,719 /home/zack/Dropbox/Library/Jantzen/Representations of Algebraic Groups (804)

2020-08-27 16:28:09,720 

2020-08-27 16:28:09,720 /home/zack/Dropbox/Library/Hungerford

2020-08-27 16:28:09,720 

2020-08-27 16:28:09,720 /home/zack/Dropbox/Library/Hungerford/Algebra (728)

2020-08-27 16:28:09,720 

2020-08-27 16:28:09,720 /home/zack/Dropbox/Library/James S. Milne

2020-08-27 16:28:09,720 

2020-08-27 16:28:09,720 /home/zack/Dropbox/Library/James S. Milne/A Primer of Commutative Algebra (780)

2020-08-27 16:28:09,720 

2020-08-27 16:28:09,720 /home/zack/Dropbox/Library/Yichao Tian

2020-08-27 16:28:09,720 

2020-08-27 16:28:09,720 /home/zack/Dropbox/Library/Yichao Tian/Course Notes on Intersection Theory (549)

2020-08-27 16:28:09,720 

2020-08-27 16:28:09,720 /home/zack/Dropbox/Library/Penrose Roger

2020-08-27 16:28:09,720 

2020-08-27 16:28:09,720 /home/zack/Dropbox/Library/Penrose Roger/The Road to Reality (629)

2020-08-27 16:28:09,720 

2020-08-27 16:28:09,720 /home/zack/Dropbox/Library/Victor Guillemin, Alan Pollack

2020-08-27 16:28:09,720 

2020-08-27 16:28:09,720 /home/zack/Dropbox/Library/Victor Guillemin, Alan Pollack/Differential Topology (738)

2020-08-27 16:28:09,721 

2020-08-27 16:28:09,721 /home/zack/Dropbox/Library/Eberhard Freitag, Rolf Busam

2020-08-27 16:28:09,721 

2020-08-27 16:28:09,721 /home/zack/Dropbox/Library/Eberhard Freitag, Rolf Busam/Complex Analysis (795)

2020-08-27 16:28:09,721 

2020-08-27 16:28:09,721 /home/zack/Dropbox/Library/Karen Smith

2020-08-27 16:28:09,721 

2020-08-27 16:28:09,721 /home/zack/Dropbox/Library/Karen Smith/An Invitation to Algebraic Geometry (423)

2020-08-27 16:28:09,721 

2020-08-27 16:28:09,721 /home/zack/Dropbox/Library/Richard Stanley

2020-08-27 16:28:09,721 

2020-08-27 16:28:09,721 /home/zack/Dropbox/Library/Richard Stanley/Algebraic Combinatorics_ Walks, Trees, Tableaux, and More (608)

2020-08-27 16:28:09,721 

2020-08-27 16:28:09,721 /home/zack/Dropbox/Library/Stephan Fackler

2020-08-27 16:28:09,721 

2020-08-27 16:28:09,721 /home/zack/Dropbox/Library/Stephan Fackler/Mathematical Foundations of Quantum Mechanics (770)

2020-08-27 16:28:09,721 

2020-08-27 16:28:09,721 /home/zack/Dropbox/Library/Katrin Becker

2020-08-27 16:28:09,721 

2020-08-27 16:28:09,721 /home/zack/Dropbox/Library/Katrin Becker/String Theory and M-Theory_ A Modern Introduction (420)

2020-08-27 16:28:09,721 

2020-08-27 16:28:09,721 /home/zack/Dropbox/Library/John Frank Adams

2020-08-27 16:28:09,721 

2020-08-27 16:28:09,721 /home/zack/Dropbox/Library/John Frank Adams/Infinite Loop Spaces (494)

2020-08-27 16:28:09,722 

2020-08-27 16:28:09,722 /home/zack/Dropbox/Library/John Frank Adams/Stable Homotopy Theory (421)

2020-08-27 16:28:09,722 

2020-08-27 16:28:09,722 /home/zack/Dropbox/Library/Sheldon Katz

2020-08-27 16:28:09,722 

2020-08-27 16:28:09,722 /home/zack/Dropbox/Library/Sheldon Katz/Enumerative Geometry and String Theory (704)

2020-08-27 16:28:09,722 

2020-08-27 16:28:09,722 /home/zack/Dropbox/Library/Quillen

2020-08-27 16:28:09,722 

2020-08-27 16:28:09,722 /home/zack/Dropbox/Library/Quillen/Homotopical Algebra (719)

2020-08-27 16:28:09,722 

2020-08-27 16:28:09,722 /home/zack/Dropbox/Library/Elias M. Stein, Rami Shakarchi

2020-08-27 16:28:09,722 

2020-08-27 16:28:09,722 /home/zack/Dropbox/Library/Elias M. Stein, Rami Shakarchi/Complex Analysis (760)

2020-08-27 16:28:09,722 

2020-08-27 16:28:09,722 /home/zack/Dropbox/Library/Alexander Wijins

2020-08-27 16:28:09,722 

2020-08-27 16:28:09,722 /home/zack/Dropbox/Library/Alexander Wijins/Classification of Fiber Bundles, Gauge Theory, and D-branes (576)

2020-08-27 16:28:09,722 

2020-08-27 16:28:09,722 /home/zack/Dropbox/Library/Emily Riehl

2020-08-27 16:28:09,722 

2020-08-27 16:28:09,723 /home/zack/Dropbox/Library/Emily Riehl/Elements of Infty-Category Theory (781)

2020-08-27 16:28:09,723 

2020-08-27 16:28:09,723 /home/zack/Dropbox/Library/Emily Riehl/Category Theory in Context (677)

2020-08-27 16:28:09,723 

2020-08-27 16:28:09,723 /home/zack/Dropbox/Library/Justin Roberts

2020-08-27 16:28:09,723 

2020-08-27 16:28:09,723 /home/zack/Dropbox/Library/Justin Roberts/Knotes (716)

2020-08-27 16:28:09,723 

2020-08-27 16:28:09,723 /home/zack/Dropbox/Library/Bott

2020-08-27 16:28:09,723 

2020-08-27 16:28:09,723 /home/zack/Dropbox/Library/Bott/Differential Forms in Algebraic Topology (753)

2020-08-27 16:28:09,723 

2020-08-27 16:28:09,723 /home/zack/Dropbox/Library/Grimaldi Ralph P_

2020-08-27 16:28:09,723 

2020-08-27 16:28:09,723 /home/zack/Dropbox/Library/Grimaldi Ralph P_/Discrete and Combinatorial Mathematics_ An Applied Introduction (544)

2020-08-27 16:28:09,723 

2020-08-27 16:28:09,723 /home/zack/Dropbox/Library/Taylor

2020-08-27 16:28:09,723 

2020-08-27 16:28:09,723 /home/zack/Dropbox/Library/Taylor/Complex Analysis (763)

2020-08-27 16:28:09,723 

2020-08-27 16:28:09,723 /home/zack/Dropbox/Library/J. Peter May

2020-08-27 16:28:09,723 

2020-08-27 16:28:09,723 /home/zack/Dropbox/Library/J. Peter May/A Concise Course in Algebraic Topology (628)

2020-08-27 16:28:09,724 

2020-08-27 16:28:09,724 /home/zack/Dropbox/Library/Haynes R. Miller

2020-08-27 16:28:09,724 

2020-08-27 16:28:09,724 /home/zack/Dropbox/Library/Haynes R. Miller/Elliptic Cohomology_ Geometry, Applications, and Higher Chromatic Analogues (537)

2020-08-27 16:28:09,724 

2020-08-27 16:28:09,724 /home/zack/Dropbox/Library/Norman Biggs

2020-08-27 16:28:09,724 

2020-08-27 16:28:09,724 /home/zack/Dropbox/Library/Norman Biggs/Graph Theory (508)

2020-08-27 16:28:09,724 

2020-08-27 16:28:09,724 /home/zack/Dropbox/Library/T. Y. Lam

2020-08-27 16:28:09,724 

2020-08-27 16:28:09,724 /home/zack/Dropbox/Library/T. Y. Lam/Lectures in Modules and Rings (514)

2020-08-27 16:28:09,724 

2020-08-27 16:28:09,724 /home/zack/Dropbox/Library/Martin Schlichenmaier

2020-08-27 16:28:09,724 

2020-08-27 16:28:09,724 /home/zack/Dropbox/Library/Martin Schlichenmaier/An Introduction to Riemann Surfaces, Algebraic Curves, and Moduli Spaces (803)

2020-08-27 16:28:09,724 

2020-08-27 16:28:09,724 /home/zack/Dropbox/Library/Mim Harrison

2020-08-27 16:28:09,724 

2020-08-27 16:28:09,724 /home/zack/Dropbox/Library/Mim Harrison/Smart Words_ Vocabulary for the Erudite (424)

2020-08-27 16:28:09,724 

2020-08-27 16:28:09,724 /home/zack/Dropbox/Library/Charles B. Thomas

2020-08-27 16:28:09,724 

2020-08-27 16:28:09,725 /home/zack/Dropbox/Library/Charles B. Thomas/Elliptic Cohomology (536)

2020-08-27 16:28:09,725 

2020-08-27 16:28:09,725 /home/zack/Dropbox/Library/S. I. Gelfand

2020-08-27 16:28:09,725 

2020-08-27 16:28:09,725 /home/zack/Dropbox/Library/S. I. Gelfand/Homological Algebra (498)

2020-08-27 16:28:09,725 

2020-08-27 16:28:09,725 /home/zack/Dropbox/Library/Jim Pitman

2020-08-27 16:28:09,725 

2020-08-27 16:28:09,725 /home/zack/Dropbox/Library/Jim Pitman/Probability (448)

2020-08-27 16:28:09,725 

2020-08-27 16:28:09,725 /home/zack/Dropbox/Library/Hovey

2020-08-27 16:28:09,725 

2020-08-27 16:28:09,725 /home/zack/Dropbox/Library/Hovey/Model Categories (715)

2020-08-27 16:28:09,725 

2020-08-27 16:28:09,725 /home/zack/Dropbox/Library/James Ward Brown

2020-08-27 16:28:09,725 

2020-08-27 16:28:09,725 /home/zack/Dropbox/Library/James Ward Brown/Complex Variables and Applications (572)

2020-08-27 16:28:09,725 

2020-08-27 16:28:09,725 /home/zack/Dropbox/Library/David S. Richeson

2020-08-27 16:28:09,725 

2020-08-27 16:28:09,725 /home/zack/Dropbox/Library/David S. Richeson/Euler's Gem_ The Polyhedron Formula and the Birth of Topology (530)

2020-08-27 16:28:09,725 

2020-08-27 16:28:09,726 /home/zack/Dropbox/Library/Canuto, Tabacco

2020-08-27 16:28:09,726 

2020-08-27 16:28:09,726 /home/zack/Dropbox/Library/Canuto, Tabacco/Mathematical Analysis 1 (674)

2020-08-27 16:28:09,726 

2020-08-27 16:28:09,726 /home/zack/Dropbox/Library/MoonReader

2020-08-27 16:28:09,726 

2020-08-27 16:28:09,726 /home/zack/Dropbox/Library/MoonReader/attachments

2020-08-27 16:28:09,726 ['ocrmypdf', '--clean', '--skip-text', '2014_Book_MorseTheoryAndFloerHomology.pdf', '2014_Book_MorseTheoryAndFloerHomology.pdf']
