(electron) The 'lstatSyncNoException' function has been deprecated and marked for removal.
(electron) The 'lstatSyncNoException' function has been deprecated and marked for removal.
DEBUG 8/5/2019, 3:20:43 PM  initSentry
(electron) The 'lstatSyncNoException' function has been deprecated and marked for removal.
DEBUG 8/5/2019, 3:20:43 PM  initCountly
INFO 8/5/2019, 3:20:43 PM  ------------------start------------------
INFO 8/5/2019, 3:20:43 PM  typora version: 0.9.68
DEBUG 8/5/2019, 3:20:43 PM  [ '/usr/share/typora/Typora' ]
DEBUG 8/5/2019, 3:20:43 PM  /usr/share/typora/resources/app/locales/Base.lproj/Menu.json
ERROR 8/5/2019, 3:20:43 PM  (node:7717) [DEP0005] DeprecationWarning: Buffer() is deprecated due to security and usability issues. Please use the Buffer.alloc(), Buffer.allocUnsafe(), or Buffer.from() methods instead.
DEBUG 8/5/2019, 3:20:43 PM  [ 'github.css',
  'newsprint.css',
  'night.css',
  'pixyll.css',
  'whitey.css' ]
DEBUG 8/5/2019, 3:20:43 PM  app.openFile
INFO 8/5/2019, 8:18:22 PM  addRecentFolder
INFO 8/5/2019, 8:18:25 PM  addRecentDocument
INFO 8/5/2019, 11:02:11 PM  addRecentDocument
INFO 8/5/2019, 11:19:47 PM  addRecentDocument
INFO 8/6/2019, 8:04:04 PM  ------------------quit------------------
(electron) The 'lstatSyncNoException' function has been deprecated and marked for removal.
(electron) The 'lstatSyncNoException' function has been deprecated and marked for removal.
DEBUG 8/10/2019, 10:15:48 PM  initSentry
(electron) The 'lstatSyncNoException' function has been deprecated and marked for removal.
DEBUG 8/10/2019, 10:15:48 PM  initCountly
INFO 8/10/2019, 10:15:48 PM  ------------------start------------------
INFO 8/10/2019, 10:15:48 PM  typora version: 0.9.68
DEBUG 8/10/2019, 10:15:48 PM  [ '/usr/share/typora/Typora' ]
DEBUG 8/10/2019, 10:15:48 PM  /usr/share/typora/resources/app/locales/Base.lproj/Menu.json
ERROR 8/10/2019, 10:15:48 PM  (node:16438) [DEP0005] DeprecationWarning: Buffer() is deprecated due to security and usability issues. Please use the Buffer.alloc(), Buffer.allocUnsafe(), or Buffer.from() methods instead.
DEBUG 8/10/2019, 10:15:48 PM  [ 'github.css',
  'newsprint.css',
  'night.css',
  'pixyll.css',
  'whitey.css' ]
DEBUG 8/10/2019, 10:15:48 PM  app.openFile
INFO 8/10/2019, 10:16:20 PM  addRecentFolder
INFO 8/10/2019, 10:16:21 PM  addRecentDocument
INFO 8/10/2019, 10:16:24 PM  addRecentDocument
INFO 8/10/2019, 10:16:24 PM  addRecentDocument
INFO 8/10/2019, 10:16:27 PM  addRecentDocument
DEBUG 8/10/2019, 10:16:27 PM  lastSync 1565489784175, timestamp 1565489784920, mtime 1565061579927
DEBUG 8/10/2019, 10:16:27 PM  lastSync 1565489784175, timestamp 1565489784920, mtime 1565061579927
INFO 8/10/2019, 10:16:32 PM  addRecentDocument
INFO 8/10/2019, 10:16:33 PM  addRecentDocument
INFO 8/10/2019, 10:16:34 PM  addRecentDocument
INFO 8/10/2019, 10:16:34 PM  addRecentDocument
DEBUG 8/10/2019, 10:16:34 PM  lastSync 1565489793036, timestamp 1565489794063, mtime 1565060526194
DEBUG 8/10/2019, 10:16:34 PM  lastSync 1565489793036, timestamp 1565489794063, mtime 1565060526194
INFO 8/10/2019, 10:16:36 PM  addRecentDocument
INFO 8/10/2019, 10:16:37 PM  addRecentDocument
INFO 8/10/2019, 10:16:40 PM  addRecentDocument
INFO 8/10/2019, 10:16:46 PM  addRecentDocument
INFO 8/10/2019, 10:16:47 PM  addRecentDocument
INFO 8/10/2019, 10:16:54 PM  addRecentDocument
INFO 8/10/2019, 10:16:55 PM  addRecentDocument
INFO 8/10/2019, 10:16:59 PM  addRecentDocument
INFO 8/10/2019, 10:17:00 PM  addRecentDocument
DEBUG 8/10/2019, 10:17:00 PM  lastSync 1565489819150, timestamp 1565489819176, mtime 1565489819143
INFO 8/10/2019, 10:17:07 PM  addRecentDocument
INFO 8/10/2019, 10:17:09 PM  addRecentDocument
DEBUG 8/10/2019, 10:17:12 PM  app.openFile
DEBUG 8/10/2019, 10:17:20 PM  app.openFile
INFO 8/10/2019, 10:17:37 PM  addRecentDocument
INFO 8/10/2019, 10:17:49 PM  addRecentDocument
INFO 8/10/2019, 11:05:03 PM  ------------------quit------------------
(electron) The 'lstatSyncNoException' function has been deprecated and marked for removal.
(electron) The 'lstatSyncNoException' function has been deprecated and marked for removal.
DEBUG 8/25/2019, 11:32:33 AM  initSentry
(electron) The 'lstatSyncNoException' function has been deprecated and marked for removal.
DEBUG 8/25/2019, 11:32:33 AM  initCountly
INFO 8/25/2019, 11:32:33 AM  ------------------start------------------
INFO 8/25/2019, 11:32:33 AM  typora version: 0.9.68
DEBUG 8/25/2019, 11:32:33 AM  [ '/usr/share/typora/Typora' ]
DEBUG 8/25/2019, 11:32:33 AM  /usr/share/typora/resources/app/locales/Base.lproj/Menu.json
ERROR 8/25/2019, 11:32:33 AM  (node:9775) [DEP0005] DeprecationWarning: Buffer() is deprecated due to security and usability issues. Please use the Buffer.alloc(), Buffer.allocUnsafe(), or Buffer.from() methods instead.
DEBUG 8/25/2019, 11:32:33 AM  [ 'github.css',
  'newsprint.css',
  'night.css',
  'pixyll.css',
  'whitey.css' ]
DEBUG 8/25/2019, 11:32:33 AM  app.openFile
INFO 8/25/2019, 11:32:45 AM  addRecentDocument
INFO 8/25/2019, 1:42:09 PM  ------------------quit------------------
(electron) The 'lstatSyncNoException' function has been deprecated and marked for removal.
(electron) The 'lstatSyncNoException' function has been deprecated and marked for removal.
DEBUG 9/13/2019, 9:06:09 PM  initSentry
(electron) The 'lstatSyncNoException' function has been deprecated and marked for removal.
DEBUG 9/13/2019, 9:06:09 PM  initCountly
INFO 9/13/2019, 9:06:09 PM  ------------------start------------------
INFO 9/13/2019, 9:06:09 PM  typora version: 0.9.68
DEBUG 9/13/2019, 9:06:09 PM  [ '/usr/share/typora/Typora',
  '/home/zack/SparkleShare/github.com/dzackgarza.comv2018/_drafts/moments-and-center-of-mass.md' ]
(electron) The 'lstatSyncNoException' function has been deprecated and marked for removal.
DEBUG 9/13/2019, 9:06:09 PM  app.openFile
INFO 9/13/2019, 9:06:09 PM  addRecentDocument
DEBUG 9/13/2019, 9:06:10 PM  /usr/share/typora/resources/app/locales/Base.lproj/Menu.json
ERROR 9/13/2019, 9:06:10 PM  (node:96344) [DEP0005] DeprecationWarning: Buffer() is deprecated due to security and usability issues. Please use the Buffer.alloc(), Buffer.allocUnsafe(), or Buffer.from() methods instead.
DEBUG 9/13/2019, 9:06:10 PM  [ 'github.css',
  'newsprint.css',
  'night.css',
  'pixyll.css',
  'whitey.css' ]
INFO 9/13/2019, 9:21:10 PM  ------------------quit------------------
INFO 2/22/2020, 12:33:51 AM  luanchFromDiffVersion, pre version is 0.9.68
INFO 2/22/2020, 12:33:51 AM  overwriteThemeFolder
INFO 2/22/2020, 12:33:51 AM  ------------------start------------------
INFO 2/22/2020, 12:33:51 AM  typora version: 0.9.83
DEBUG 2/22/2020, 12:33:51 AM  [ '/usr/share/typora/Typora' ]
ERROR 2/22/2020, 12:33:51 AM  (node:125521) [DEP0005] DeprecationWarning: Buffer() is deprecated due to security and usability issues. Please use the Buffer.alloc(), Buffer.allocUnsafe(), or Buffer.from() methods instead.
ERROR 2/22/2020, 12:33:51 AM  (node:125521) [DEP0005] DeprecationWarning: Buffer() is deprecated due to security and usability issues. Please use the Buffer.alloc(), Buffer.allocUnsafe(), or Buffer.from() methods instead.
INFO 2/22/2020, 12:33:51 AM  [Raven] instanceKey = a5d1edb8-8885-4958-8123-25285a9233d4
INFO 2/22/2020, 12:33:51 AM  [Raven] userId = 2921bd8f-4dc7-4cdd-a9ff-83f3ee36a76f
DEBUG 2/22/2020, 12:33:51 AM  app.openFile
INFO 2/22/2020, 12:33:51 AM  Error: ENOENT, countly-sdk-nodejs/lib/undefined__cly_event.json not found in /usr/share/typora/resources/app/node_modules.asar
    at createError (electron/js2c/asar.js:109:17)
    at Object.func [as openSync] (electron/js2c/asar.js:144:27)
    at Object.writeFileSync (fs.js:1206:35)
    at storeSet (/usr/share/typora/resources/app/node_modules.asar/countly-sdk-nodejs/lib/countly.js:1272:10)
    at add_cly_events (/usr/share/typora/resources/app/node_modules.asar/countly-sdk-nodejs/lib/countly.js:481:7)
    at Object.Countly.add_event (/usr/share/typora/resources/app/node_modules.asar/countly-sdk-nodejs/lib/countly.js:458:7)
    at doCreateWin (/usr/share/typora/resources/app/atom.asar/DocumentController.js:500:12)
    at DocumentController.openFile (/usr/share/typora/resources/app/atom.asar/DocumentController.js:531:9)
    at doOpenInNewWindow (/usr/share/typora/resources/app/atom.asar/atom.js:592:29)
    at App.app.openFile (/usr/share/typora/resources/app/atom.asar/atom.js:622:9)
    at App.app.openFileOrFolder (/usr/share/typora/resources/app/atom.asar/atom.js:566:7)
    at normalOpen (/usr/share/typora/resources/app/atom.asar/atom.js:354:7)
    at /usr/share/typora/resources/app/atom.asar/atom.js:398:5
    at /usr/share/typora/resources/app/node_modules.asar/fs-extra/node_modules/graceful-fs/graceful-fs.js:78:16
    at FSReqCallback.readFileAfterClose [as oncomplete] (internal/fs/read_file_context.js:61:3)
INFO 2/22/2020, 12:33:52 AM  Error: ENOENT, countly-sdk-nodejs/lib/undefined__cly_event.json not found in /usr/share/typora/resources/app/node_modules.asar
    at createError (electron/js2c/asar.js:109:17)
    at Object.func [as openSync] (electron/js2c/asar.js:144:27)
    at Object.writeFileSync (fs.js:1206:35)
    at storeSet (/usr/share/typora/resources/app/node_modules.asar/countly-sdk-nodejs/lib/countly.js:1272:10)
    at add_cly_events (/usr/share/typora/resources/app/node_modules.asar/countly-sdk-nodejs/lib/countly.js:481:7)
    at Object.Countly.add_event (/usr/share/typora/resources/app/node_modules.asar/countly-sdk-nodejs/lib/countly.js:458:7)
    at DocumentController.makeWindow_ (/usr/share/typora/resources/app/atom.asar/DocumentController.js:376:10)
    at doCreateWin (/usr/share/typora/resources/app/atom.asar/DocumentController.js:504:21)
    at DocumentController.openFile (/usr/share/typora/resources/app/atom.asar/DocumentController.js:531:9)
    at doOpenInNewWindow (/usr/share/typora/resources/app/atom.asar/atom.js:592:29)
    at App.app.openFile (/usr/share/typora/resources/app/atom.asar/atom.js:622:9)
    at App.app.openFileOrFolder (/usr/share/typora/resources/app/atom.asar/atom.js:566:7)
    at normalOpen (/usr/share/typora/resources/app/atom.asar/atom.js:354:7)
    at /usr/share/typora/resources/app/atom.asar/atom.js:398:5
    at /usr/share/typora/resources/app/node_modules.asar/fs-extra/node_modules/graceful-fs/graceful-fs.js:78:16
    at FSReqCallback.readFileAfterClose [as oncomplete] (internal/fs/read_file_context.js:61:3)
INFO 2/22/2020, 12:33:52 AM  [focus] 1
INFO 2/22/2020, 12:33:52 AM  [blur] 1
INFO 2/22/2020, 12:33:52 AM  [focus] 1
INFO 2/22/2020, 12:33:55 AM  ----------------before-quit-----------------
INFO 2/22/2020, 12:33:55 AM  ------------------will-quit------------------
INFO 3/10/2020, 11:05:39 PM  luanchFromDiffVersion, pre version is 0.9.83
INFO 3/10/2020, 11:05:39 PM  overwriteThemeFolder
INFO 3/10/2020, 11:05:39 PM  ------------------start------------------
INFO 3/10/2020, 11:05:39 PM  typora version: 0.9.85
DEBUG 3/10/2020, 11:05:39 PM  [ '/usr/share/typora/Typora' ]
INFO 3/10/2020, 11:05:39 PM  [Raven] instanceKey = a6a7a742-571c-46f0-ae20-0f459a432f69
INFO 3/10/2020, 11:05:39 PM  [Raven] userId = 2921bd8f-4dc7-4cdd-a9ff-83f3ee36a76f
DEBUG 3/10/2020, 11:05:39 PM  app.openFile
INFO 3/10/2020, 11:05:40 PM  [focus] 1
INFO 3/10/2020, 11:05:45 PM  [blur] 1
INFO 3/10/2020, 11:05:46 PM  [focus] 1
INFO 3/10/2020, 11:06:15 PM  [blur] 1
INFO 3/10/2020, 11:06:18 PM  [focus] 1
INFO 3/10/2020, 11:06:20 PM  [blur] 1
INFO 3/10/2020, 11:06:34 PM  [focus] 1
INFO 3/10/2020, 11:06:35 PM  [blur] 1
INFO 3/10/2020, 11:06:44 PM  [focus] 1
INFO 3/10/2020, 11:06:54 PM  [blur] 1
INFO 3/10/2020, 11:07:06 PM  [focus] 1
INFO 3/10/2020, 11:08:39 PM  [blur] 1
INFO 3/10/2020, 11:08:46 PM  [focus] 1
INFO 3/10/2020, 11:08:58 PM  [blur] 1
INFO 3/10/2020, 11:08:59 PM  [focus] 1
INFO 3/10/2020, 11:08:59 PM  [blur] 1
INFO 3/10/2020, 11:09:08 PM  [focus] 1
INFO 3/10/2020, 11:09:09 PM  [blur] 1
INFO 3/10/2020, 11:09:18 PM  [focus] 1
INFO 3/10/2020, 11:09:31 PM  [blur] 1
INFO 3/10/2020, 11:09:33 PM  [focus] 1
INFO 3/10/2020, 11:09:55 PM  [blur] 1
INFO 3/10/2020, 11:09:56 PM  [focus] 1
INFO 3/10/2020, 11:09:56 PM  [blur] 1
INFO 3/10/2020, 11:10:00 PM  [focus] 1
INFO 3/10/2020, 11:10:01 PM  [blur] 1
INFO 3/10/2020, 11:15:36 PM  [focus] 1
INFO 3/10/2020, 11:15:52 PM  [blur] 1
INFO 3/10/2020, 11:15:57 PM  [focus] 1
INFO 3/10/2020, 11:15:59 PM  [blur] 1
INFO 3/10/2020, 11:16:23 PM  [focus] 1
INFO 3/10/2020, 11:16:23 PM  [blur] 1
INFO 3/10/2020, 11:16:23 PM  [focus] 1
INFO 3/10/2020, 11:20:20 PM  window.File && (function() {
					ClientCommand.zoomIn();
				})();
INFO 3/10/2020, 11:20:20 PM  [blur] 1
INFO 3/10/2020, 11:21:02 PM  [focus] 1
INFO 3/10/2020, 11:22:44 PM  [blur] 1
INFO 3/10/2020, 11:22:44 PM  [focus] 1
INFO 3/10/2020, 11:22:45 PM  [blur] 1
INFO 3/10/2020, 11:22:45 PM  [focus] 1
INFO 3/10/2020, 11:24:12 PM  [blur] 1
INFO 3/10/2020, 11:24:28 PM  [focus] 1
INFO 3/10/2020, 11:24:28 PM  [blur] 1
INFO 3/10/2020, 11:24:29 PM  [focus] 1
INFO 3/10/2020, 11:24:29 PM  [blur] 1
INFO 3/10/2020, 11:24:30 PM  [focus] 1
INFO 3/10/2020, 11:24:30 PM  [blur] 1
INFO 3/10/2020, 11:24:36 PM  [focus] 1
INFO 3/10/2020, 11:24:36 PM  [blur] 1
INFO 3/10/2020, 11:24:38 PM  [focus] 1
INFO 3/10/2020, 11:24:38 PM  [blur] 1
INFO 3/10/2020, 11:24:50 PM  [focus] 1
INFO 3/10/2020, 11:24:50 PM  [blur] 1
INFO 3/10/2020, 11:24:51 PM  [focus] 1
INFO 3/10/2020, 11:24:51 PM  [blur] 1
INFO 3/10/2020, 11:24:51 PM  [focus] 1
INFO 3/10/2020, 11:24:51 PM  [blur] 1
INFO 3/10/2020, 11:24:51 PM  [focus] 1
INFO 3/10/2020, 11:24:51 PM  addRecentDocument
INFO 3/10/2020, 11:24:52 PM  [blur] 1
INFO 3/10/2020, 11:25:46 PM  [focus] 1
INFO 3/10/2020, 11:25:46 PM  [blur] 1
INFO 3/10/2020, 11:25:48 PM  [focus] 1
INFO 3/10/2020, 11:26:06 PM  [blur] 1
INFO 3/10/2020, 11:26:11 PM  [focus] 1
INFO 3/10/2020, 11:26:25 PM  [blur] 1
INFO 3/10/2020, 11:26:25 PM  [focus] 1
INFO 3/10/2020, 11:26:26 PM  [blur] 1
INFO 3/10/2020, 11:26:45 PM  [focus] 1
INFO 3/10/2020, 11:26:45 PM  [blur] 1
INFO 3/10/2020, 11:26:56 PM  [focus] 1
INFO 3/10/2020, 11:29:13 PM  [blur] 1
INFO 3/10/2020, 11:29:13 PM  [focus] 1
INFO 3/10/2020, 11:29:58 PM  [blur] 1
INFO 3/10/2020, 11:29:58 PM  [focus] 1
INFO 3/10/2020, 11:29:58 PM  [blur] 1
INFO 3/10/2020, 11:30:20 PM  [focus] 1
INFO 3/10/2020, 11:30:22 PM  [blur] 1
INFO 3/10/2020, 11:30:29 PM  [focus] 1
INFO 3/10/2020, 11:30:52 PM  [blur] 1
INFO 3/10/2020, 11:30:55 PM  [focus] 1
INFO 3/10/2020, 11:31:21 PM  [blur] 1
INFO 3/10/2020, 11:31:22 PM  [focus] 1
INFO 3/10/2020, 11:31:24 PM  [blur] 1
INFO 3/10/2020, 11:31:34 PM  [focus] 1
INFO 3/10/2020, 11:32:11 PM  [blur] 1
INFO 3/10/2020, 11:32:11 PM  [focus] 1
INFO 3/10/2020, 11:34:09 PM  [blur] 1
INFO 3/10/2020, 11:34:14 PM  [focus] 1
INFO 3/10/2020, 11:34:39 PM  [blur] 1
INFO 3/10/2020, 11:34:58 PM  [focus] 1
INFO 3/10/2020, 11:35:03 PM  [blur] 1
INFO 3/10/2020, 11:35:08 PM  [focus] 1
INFO 3/10/2020, 11:35:27 PM  [blur] 1
INFO 3/10/2020, 11:35:30 PM  [focus] 1
INFO 3/10/2020, 11:35:36 PM  [blur] 1
INFO 3/10/2020, 11:35:59 PM  [focus] 1
INFO 3/10/2020, 11:36:00 PM  [blur] 1
INFO 3/10/2020, 11:37:00 PM  [focus] 1
INFO 3/10/2020, 11:37:32 PM  [blur] 1
INFO 3/10/2020, 11:37:34 PM  [focus] 1
INFO 3/10/2020, 11:37:38 PM  [blur] 1
INFO 3/10/2020, 11:37:40 PM  [focus] 1
INFO 3/10/2020, 11:37:43 PM  [blur] 1
INFO 3/10/2020, 11:37:45 PM  [focus] 1
INFO 3/10/2020, 11:37:55 PM  [blur] 1
INFO 3/10/2020, 11:38:05 PM  [focus] 1
INFO 3/10/2020, 11:38:12 PM  [blur] 1
INFO 3/10/2020, 11:38:15 PM  [focus] 1
INFO 3/10/2020, 11:38:20 PM  [blur] 1
INFO 3/10/2020, 11:38:31 PM  [focus] 1
INFO 3/10/2020, 11:38:34 PM  [blur] 1
INFO 3/10/2020, 11:38:36 PM  [focus] 1
INFO 3/10/2020, 11:38:41 PM  [blur] 1
INFO 3/10/2020, 11:38:46 PM  [focus] 1
INFO 3/10/2020, 11:38:48 PM  [blur] 1
INFO 3/10/2020, 11:38:51 PM  [focus] 1
INFO 3/10/2020, 11:39:10 PM  [blur] 1
INFO 3/10/2020, 11:40:06 PM  [focus] 1
INFO 3/10/2020, 11:40:07 PM  [blur] 1
INFO 3/10/2020, 11:40:09 PM  [focus] 1
INFO 3/10/2020, 11:40:11 PM  [blur] 1
INFO 3/10/2020, 11:58:56 PM  [focus] 1
INFO 3/10/2020, 11:58:57 PM  [blur] 1
INFO 3/10/2020, 11:58:58 PM  [focus] 1
INFO 3/10/2020, 11:58:59 PM  [blur] 1
INFO 3/10/2020, 11:59:11 PM  [focus] 1
INFO 3/10/2020, 11:59:17 PM  [blur] 1
INFO 3/10/2020, 11:59:17 PM  [focus] 1
INFO 3/10/2020, 11:59:18 PM  [blur] 1
INFO 3/11/2020, 12:00:03 AM  [focus] 1
INFO 3/11/2020, 12:00:05 AM  ----------------before-quit-----------------
INFO 3/11/2020, 12:00:05 AM  ------------------will-quit------------------
INFO 3/11/2020, 1:02:50 PM  ------------------start------------------
INFO 3/11/2020, 1:02:51 PM  typora version: 0.9.85
DEBUG 3/11/2020, 1:02:51 PM  [ '/usr/share/typora/Typora' ]
INFO 3/11/2020, 1:02:51 PM  [Raven] instanceKey = 5414ef76-cefb-4ddd-a939-788e2170fc53
INFO 3/11/2020, 1:02:51 PM  [Raven] userId = 2921bd8f-4dc7-4cdd-a9ff-83f3ee36a76f
DEBUG 3/11/2020, 1:02:51 PM  app.openFile
INFO 3/11/2020, 1:02:51 PM  [focus] 1
INFO 3/11/2020, 1:02:53 PM  [blur] 1
INFO 3/11/2020, 1:02:57 PM  [focus] 1
INFO 3/11/2020, 1:03:00 PM  [blur] 1
INFO 3/11/2020, 1:05:46 PM  [focus] 1
INFO 3/11/2020, 1:06:06 PM  [blur] 1
INFO 3/11/2020, 1:08:44 PM  [focus] 1
INFO 3/11/2020, 1:08:47 PM  [blur] 1
INFO 3/11/2020, 1:11:33 PM  [focus] 1
INFO 3/11/2020, 1:11:36 PM  [blur] 1
INFO 3/11/2020, 1:11:44 PM  [focus] 1
INFO 3/11/2020, 1:11:52 PM  [blur] 1
INFO 3/11/2020, 1:15:01 PM  [focus] 1
INFO 3/11/2020, 1:15:04 PM  [blur] 1
INFO 3/11/2020, 1:15:04 PM  [focus] 1
INFO 3/11/2020, 1:15:05 PM  [blur] 1
INFO 3/11/2020, 1:15:07 PM  [focus] 1
INFO 3/11/2020, 1:15:08 PM  [blur] 1
INFO 3/11/2020, 1:16:42 PM  [focus] 1
INFO 3/11/2020, 1:16:47 PM  [blur] 1
INFO 3/11/2020, 1:24:24 PM  [focus] 1
INFO 3/11/2020, 1:24:26 PM  [blur] 1
INFO 3/11/2020, 1:28:05 PM  [focus] 1
INFO 3/11/2020, 1:28:09 PM  [blur] 1
INFO 3/11/2020, 1:30:21 PM  [focus] 1
INFO 3/11/2020, 1:30:28 PM  [blur] 1
INFO 3/11/2020, 1:30:35 PM  [focus] 1
INFO 3/11/2020, 1:30:43 PM  [blur] 1
INFO 3/11/2020, 1:30:51 PM  [focus] 1
INFO 3/11/2020, 1:30:55 PM  [blur] 1
INFO 3/11/2020, 1:31:11 PM  [focus] 1
INFO 3/11/2020, 1:31:12 PM  [blur] 1
INFO 3/11/2020, 1:31:13 PM  [focus] 1
INFO 3/11/2020, 1:31:17 PM  [blur] 1
INFO 3/11/2020, 1:31:25 PM  [focus] 1
INFO 3/11/2020, 1:31:29 PM  [blur] 1
INFO 3/11/2020, 1:31:44 PM  [focus] 1
INFO 3/11/2020, 1:31:52 PM  [blur] 1
INFO 3/11/2020, 1:32:11 PM  [focus] 1
INFO 3/11/2020, 1:32:30 PM  [blur] 1
INFO 3/11/2020, 1:33:14 PM  [focus] 1
INFO 3/11/2020, 1:33:16 PM  ----------------before-quit-----------------
INFO 3/11/2020, 1:33:16 PM  ------------------will-quit------------------
INFO 3/12/2020, 2:20:47 AM  ------------------start------------------
INFO 3/12/2020, 2:20:47 AM  typora version: 0.9.85
DEBUG 3/12/2020, 2:20:47 AM  [ '/usr/share/typora/Typora' ]
INFO 3/12/2020, 2:20:47 AM  [Raven] instanceKey = 9f749ef0-f6d5-4341-a179-1e38b33dd180
DEBUG 3/12/2020, 2:20:47 AM  app.openFile
INFO 3/12/2020, 2:20:47 AM  [Raven] userId = 2921bd8f-4dc7-4cdd-a9ff-83f3ee36a76f
INFO 3/12/2020, 2:20:47 AM  [focus] 1
INFO 3/12/2020, 2:20:49 AM  [blur] 1
INFO 3/12/2020, 2:20:49 AM  [focus] 1
INFO 3/12/2020, 2:22:27 AM  [blur] 1
INFO 3/12/2020, 2:22:27 AM  [focus] 1
INFO 3/12/2020, 2:22:28 AM  [blur] 1
INFO 3/12/2020, 2:22:43 AM  [focus] 1
INFO 3/12/2020, 2:22:44 AM  [blur] 1
INFO 3/12/2020, 2:23:12 AM  [focus] 1
INFO 3/12/2020, 2:23:47 AM  [blur] 1
INFO 3/12/2020, 2:23:48 AM  [focus] 1
INFO 3/12/2020, 2:23:48 AM  [blur] 1
INFO 3/12/2020, 2:25:08 AM  [focus] 1
INFO 3/12/2020, 2:25:09 AM  [blur] 1
INFO 3/12/2020, 2:25:19 AM  [focus] 1
INFO 3/12/2020, 2:25:29 AM  [blur] 1
INFO 3/12/2020, 2:25:30 AM  [focus] 1
INFO 3/12/2020, 2:25:31 AM  [blur] 1
INFO 3/12/2020, 2:25:39 AM  [focus] 1
INFO 3/12/2020, 2:26:26 AM  [blur] 1
INFO 3/12/2020, 2:26:34 AM  [focus] 1
INFO 3/12/2020, 2:26:34 AM  [blur] 1
INFO 3/12/2020, 2:26:34 AM  [focus] 1
INFO 3/12/2020, 2:26:34 AM  [blur] 1
INFO 3/12/2020, 2:26:34 AM  [focus] 1
INFO 3/12/2020, 2:26:34 AM  addRecentDocument
INFO 3/12/2020, 2:26:42 AM  [blur] 1
INFO 3/12/2020, 2:26:44 AM  [focus] 1
INFO 3/12/2020, 2:27:53 AM  [blur] 1
INFO 3/12/2020, 2:27:58 AM  [focus] 1
INFO 3/12/2020, 2:28:20 AM  [blur] 1
INFO 3/12/2020, 2:28:30 AM  [focus] 1
INFO 3/12/2020, 2:28:38 AM  [blur] 1
INFO 3/12/2020, 2:33:43 AM  [focus] 1
INFO 3/12/2020, 2:35:07 AM  [blur] 1
INFO 3/12/2020, 2:35:31 AM  [focus] 1
INFO 3/12/2020, 2:37:36 AM  [blur] 1
INFO 3/12/2020, 2:37:36 AM  [focus] 1
INFO 3/12/2020, 2:37:36 AM  [blur] 1
INFO 3/12/2020, 2:37:37 AM  [focus] 1
INFO 3/12/2020, 2:37:37 AM  [blur] 1
INFO 3/12/2020, 2:38:19 AM  [focus] 1
INFO 3/12/2020, 2:38:21 AM  [blur] 1
INFO 3/12/2020, 2:38:38 AM  [focus] 1
INFO 3/12/2020, 2:45:33 AM  [blur] 1
INFO 3/12/2020, 2:45:33 AM  [focus] 1
INFO 3/12/2020, 2:54:08 AM  [blur] 1
INFO 3/12/2020, 2:54:13 AM  [focus] 1
INFO 3/12/2020, 2:55:34 AM  [blur] 1
INFO 3/12/2020, 2:56:41 AM  [focus] 1
INFO 3/12/2020, 2:59:17 AM  [blur] 1
INFO 3/12/2020, 2:59:32 AM  [focus] 1
INFO 3/12/2020, 2:59:48 AM  [blur] 1
INFO 3/12/2020, 3:00:02 AM  [focus] 1
INFO 3/12/2020, 3:00:29 AM  [blur] 1
INFO 3/12/2020, 3:00:41 AM  [focus] 1
INFO 3/12/2020, 3:01:07 AM  [blur] 1
INFO 3/12/2020, 3:01:11 AM  [focus] 1
INFO 3/12/2020, 3:02:59 AM  [blur] 1
INFO 3/12/2020, 3:03:00 AM  [focus] 1
INFO 3/12/2020, 3:03:12 AM  ----------------before-quit-----------------
INFO 3/12/2020, 3:03:12 AM  ------------------will-quit------------------
INFO 3/16/2020, 4:53:33 PM  luanchFromDiffVersion, pre version is 0.9.85
INFO 3/16/2020, 4:53:33 PM  overwriteThemeFolder
INFO 3/16/2020, 4:53:33 PM  ------------------start------------------
INFO 3/16/2020, 4:53:33 PM  typora version: 0.9.86
DEBUG 3/16/2020, 4:53:33 PM  [ '/usr/share/typora/Typora' ]
INFO 3/16/2020, 4:53:33 PM  [Raven] instanceKey = 867dd93c-59c7-4f48-817b-759e669bda64
DEBUG 3/16/2020, 4:53:33 PM  app.openFile
INFO 3/16/2020, 4:53:34 PM  [Raven] userId = 2921bd8f-4dc7-4cdd-a9ff-83f3ee36a76f
INFO 3/16/2020, 4:53:34 PM  [focus] 1
INFO 3/16/2020, 4:53:35 PM  [blur] 1
INFO 3/16/2020, 4:53:36 PM  [focus] 1
INFO 3/16/2020, 4:53:36 PM  [blur] 1
INFO 3/16/2020, 4:54:24 PM  [focus] 1
INFO 3/16/2020, 4:54:24 PM  [blur] 1
INFO 3/16/2020, 4:54:32 PM  [focus] 1
INFO 3/16/2020, 4:54:32 PM  [blur] 1
INFO 3/16/2020, 4:54:42 PM  [focus] 1
INFO 3/16/2020, 4:54:43 PM  ----------------before-quit-----------------
INFO 3/16/2020, 4:54:43 PM  ------------------will-quit------------------
INFO 3/16/2020, 4:55:14 PM  ------------------start------------------
INFO 3/16/2020, 4:55:14 PM  typora version: 0.9.86
DEBUG 3/16/2020, 4:55:14 PM  [ '/usr/share/typora/Typora' ]
INFO 3/16/2020, 4:55:14 PM  [Raven] instanceKey = cbbed906-018f-4674-9978-f898b377a92c
DEBUG 3/16/2020, 4:55:14 PM  app.openFile
INFO 3/16/2020, 4:55:14 PM  [Raven] userId = 2921bd8f-4dc7-4cdd-a9ff-83f3ee36a76f
INFO 3/16/2020, 4:55:14 PM  [focus] 1
INFO 3/16/2020, 4:55:16 PM  [blur] 1
INFO 3/16/2020, 4:55:16 PM  [focus] 1
INFO 3/16/2020, 4:55:17 PM  [blur] 1
INFO 3/16/2020, 4:55:17 PM  [focus] 1
INFO 3/16/2020, 4:55:18 PM  [blur] 1
INFO 3/16/2020, 4:55:18 PM  [focus] 1
INFO 3/16/2020, 4:55:19 PM  [blur] 1
INFO 3/16/2020, 4:55:19 PM  [focus] 1
INFO 3/16/2020, 4:55:20 PM  [blur] 1
INFO 3/16/2020, 4:55:20 PM  [focus] 1
INFO 3/16/2020, 4:55:20 PM  [blur] 1
INFO 3/16/2020, 4:55:20 PM  [focus] 1
INFO 3/16/2020, 4:55:20 PM  [blur] 1
INFO 3/16/2020, 4:55:20 PM  [focus] 1
INFO 3/16/2020, 4:55:21 PM  [blur] 1
INFO 3/16/2020, 4:55:22 PM  [focus] 1
INFO 3/16/2020, 4:55:22 PM  [blur] 1
INFO 3/16/2020, 4:55:22 PM  [focus] 1
INFO 3/16/2020, 4:55:23 PM  [blur] 1
INFO 3/16/2020, 4:55:23 PM  [focus] 1
INFO 3/16/2020, 4:55:24 PM  [blur] 1
INFO 3/16/2020, 4:55:24 PM  [focus] 1
INFO 3/16/2020, 4:55:24 PM  [blur] 1
INFO 3/16/2020, 4:55:24 PM  [focus] 1
INFO 3/16/2020, 4:55:24 PM  [blur] 1
INFO 3/16/2020, 4:55:24 PM  [focus] 1
INFO 3/16/2020, 4:55:25 PM  [blur] 1
INFO 3/16/2020, 4:55:25 PM  [focus] 1
INFO 3/16/2020, 4:55:26 PM  [blur] 1
INFO 3/16/2020, 4:55:54 PM  addRecentDocument
INFO 3/16/2020, 4:55:55 PM  [focus] 1
INFO 3/16/2020, 4:56:20 PM  [blur] 1
INFO 3/16/2020, 4:56:20 PM  [focus] 1
INFO 3/16/2020, 4:56:20 PM  [blur] 1
INFO 3/16/2020, 4:56:20 PM  [focus] 1
INFO 3/16/2020, 4:56:20 PM  [blur] 1
INFO 3/16/2020, 4:56:20 PM  [focus] 1
INFO 3/16/2020, 4:56:27 PM  window.File && (function(){document.body.classList.add("show-footer"),document.body.classList.remove("hide-footer")})();
INFO 3/16/2020, 4:56:39 PM  [blur] 1
INFO 3/16/2020, 4:56:42 PM  [focus] 1
INFO 3/16/2020, 4:56:52 PM  [blur] 1
INFO 3/16/2020, 4:56:56 PM  [focus] 1
INFO 3/16/2020, 4:57:15 PM  [blur] 1
INFO 3/16/2020, 4:58:21 PM  [focus] 1
INFO 3/16/2020, 5:00:50 PM  [blur] 1
INFO 3/16/2020, 5:01:02 PM  [focus] 1
INFO 3/16/2020, 5:01:35 PM  [blur] 1
INFO 3/16/2020, 5:01:36 PM  [focus] 1
INFO 3/16/2020, 5:01:39 PM  [blur] 1
INFO 3/16/2020, 5:01:55 PM  [focus] 1
INFO 3/16/2020, 5:03:03 PM  [blur] 1
INFO 3/16/2020, 5:03:11 PM  [focus] 1
INFO 3/16/2020, 5:03:29 PM  [blur] 1
INFO 3/16/2020, 5:03:44 PM  [focus] 1
INFO 3/16/2020, 5:05:45 PM  [blur] 1
INFO 3/16/2020, 5:15:58 PM  [focus] 1
INFO 3/16/2020, 5:15:58 PM  [blur] 1
INFO 3/16/2020, 5:15:58 PM  [focus] 1
INFO 3/16/2020, 5:15:59 PM  [blur] 1
INFO 3/16/2020, 5:15:59 PM  [focus] 1
INFO 3/16/2020, 5:15:59 PM  [blur] 1
INFO 3/16/2020, 5:16:00 PM  [focus] 1
INFO 3/16/2020, 5:17:36 PM  [blur] 1
INFO 3/16/2020, 5:17:36 PM  [focus] 1
INFO 3/16/2020, 5:17:36 PM  [blur] 1
INFO 3/16/2020, 5:17:36 PM  [focus] 1
INFO 3/16/2020, 5:17:36 PM  [blur] 1
INFO 3/16/2020, 5:17:37 PM  [focus] 1
INFO 3/16/2020, 5:18:55 PM  [blur] 1
INFO 3/16/2020, 5:19:07 PM  [focus] 1
INFO 3/16/2020, 5:19:14 PM  [blur] 1
INFO 3/16/2020, 5:20:02 PM  [focus] 1
INFO 3/16/2020, 5:20:22 PM  [blur] 1
INFO 3/16/2020, 5:20:34 PM  [focus] 1
INFO 3/16/2020, 5:20:42 PM  [blur] 1
INFO 3/16/2020, 5:21:32 PM  [focus] 1
INFO 3/16/2020, 5:23:08 PM  [blur] 1
INFO 3/16/2020, 5:23:16 PM  [focus] 1
INFO 3/16/2020, 5:23:29 PM  [blur] 1
INFO 3/16/2020, 5:23:41 PM  [focus] 1
INFO 3/16/2020, 5:25:53 PM  [blur] 1
INFO 3/16/2020, 5:25:57 PM  [focus] 1
INFO 3/16/2020, 5:26:20 PM  [blur] 1
INFO 3/16/2020, 5:26:34 PM  [focus] 1
INFO 3/16/2020, 5:27:02 PM  [blur] 1
INFO 3/16/2020, 5:27:33 PM  [focus] 1
INFO 3/16/2020, 5:29:20 PM  [blur] 1
INFO 3/16/2020, 5:31:33 PM  [focus] 1
INFO 3/16/2020, 5:31:35 PM  ----------------before-quit-----------------
INFO 3/16/2020, 5:31:35 PM  ------------------will-quit------------------
INFO 3/16/2020, 5:43:30 PM  ------------------start------------------
INFO 3/16/2020, 5:43:30 PM  typora version: 0.9.86
DEBUG 3/16/2020, 5:43:30 PM  [ '/usr/share/typora/Typora' ]
INFO 3/16/2020, 5:43:30 PM  [Raven] instanceKey = fa177eb1-3795-4954-af00-ac1d426336a0
DEBUG 3/16/2020, 5:43:30 PM  pinFolder /home/zack/website/_drafts
DEBUG 3/16/2020, 5:43:30 PM  app.openFile
INFO 3/16/2020, 5:43:30 PM  [Raven] userId = 2921bd8f-4dc7-4cdd-a9ff-83f3ee36a76f
INFO 3/16/2020, 5:43:30 PM  [focus] 1
INFO 3/16/2020, 5:43:32 PM  [blur] 1
INFO 3/16/2020, 5:43:32 PM  [focus] 1
INFO 3/16/2020, 5:43:32 PM  [blur] 1
INFO 3/16/2020, 5:43:33 PM  [focus] 1
INFO 3/16/2020, 5:43:34 PM  [blur] 1
INFO 3/16/2020, 5:43:35 PM  [focus] 1
INFO 3/16/2020, 5:43:36 PM  switchDocument
INFO 3/16/2020, 5:43:36 PM  addRecentDocument
INFO 3/16/2020, 5:44:57 PM  [blur] 1
INFO 3/16/2020, 5:45:06 PM  [focus] 1
INFO 3/16/2020, 5:46:41 PM  [blur] 1
INFO 3/16/2020, 5:46:46 PM  [focus] 1
INFO 3/16/2020, 5:47:34 PM  [blur] 1
INFO 3/16/2020, 5:47:46 PM  [focus] 1
INFO 3/16/2020, 5:47:47 PM  [blur] 1
INFO 3/16/2020, 5:47:47 PM  [focus] 1
INFO 3/16/2020, 5:47:47 PM  [blur] 1
INFO 3/16/2020, 5:47:55 PM  [focus] 1
INFO 3/16/2020, 5:50:16 PM  [blur] 1
INFO 3/16/2020, 5:50:27 PM  [focus] 1
INFO 3/16/2020, 5:50:59 PM  [blur] 1
INFO 3/16/2020, 5:51:37 PM  [focus] 1
INFO 3/16/2020, 5:51:37 PM  [blur] 1
INFO 3/16/2020, 5:52:49 PM  [focus] 1
INFO 3/16/2020, 5:52:50 PM  [blur] 1
INFO 3/16/2020, 5:52:53 PM  [focus] 1
INFO 3/16/2020, 5:52:54 PM  [blur] 1
INFO 3/16/2020, 5:54:51 PM  [focus] 1
INFO 3/16/2020, 5:54:51 PM  [blur] 1
INFO 3/16/2020, 5:56:31 PM  [focus] 1
INFO 3/16/2020, 5:56:32 PM  [blur] 1
INFO 3/16/2020, 5:57:59 PM  [focus] 1
INFO 3/16/2020, 5:58:03 PM  [blur] 1
INFO 3/16/2020, 6:00:35 PM  [focus] 1
INFO 3/16/2020, 6:00:57 PM  [blur] 1
INFO 3/16/2020, 6:00:58 PM  [focus] 1
INFO 3/16/2020, 6:00:59 PM  [blur] 1
INFO 3/16/2020, 6:01:01 PM  [focus] 1
INFO 3/16/2020, 6:02:11 PM  [blur] 1
INFO 3/16/2020, 6:02:52 PM  [focus] 1
INFO 3/16/2020, 6:04:06 PM  [blur] 1
INFO 3/16/2020, 6:04:32 PM  [focus] 1
INFO 3/16/2020, 6:04:49 PM  [blur] 1
INFO 3/16/2020, 6:04:50 PM  [focus] 1
INFO 3/16/2020, 6:04:50 PM  [blur] 1
INFO 3/16/2020, 6:04:51 PM  [focus] 1
INFO 3/16/2020, 6:05:00 PM  [blur] 1
INFO 3/16/2020, 6:05:29 PM  [focus] 1
INFO 3/16/2020, 6:05:31 PM  [blur] 1
INFO 3/16/2020, 6:05:31 PM  [focus] 1
INFO 3/16/2020, 6:05:43 PM  [blur] 1
INFO 3/16/2020, 6:08:35 PM  [focus] 1
INFO 3/16/2020, 6:08:36 PM  ----------------before-quit-----------------
INFO 3/16/2020, 6:08:36 PM  ------------------will-quit------------------
INFO 3/18/2020, 8:05:28 PM  ------------------start------------------
INFO 3/18/2020, 8:05:28 PM  typora version: 0.9.86
DEBUG 3/18/2020, 8:05:28 PM  [ '/usr/share/typora/Typora' ]
INFO 3/18/2020, 8:05:28 PM  [Raven] instanceKey = be4c6ffa-ec8f-4658-ab8c-22bc54cfbb59
DEBUG 3/18/2020, 8:05:28 PM  pinFolder /home/zack/website/_drafts
DEBUG 3/18/2020, 8:05:28 PM  app.openFile
INFO 3/18/2020, 8:05:28 PM  [Raven] userId = 2921bd8f-4dc7-4cdd-a9ff-83f3ee36a76f
INFO 3/18/2020, 8:05:28 PM  [focus] 1
INFO 3/18/2020, 8:05:29 PM  [blur] 1
INFO 3/18/2020, 8:05:29 PM  [focus] 1
INFO 3/18/2020, 8:09:11 PM  [blur] 1
INFO 3/18/2020, 8:09:28 PM  [focus] 1
INFO 3/18/2020, 8:09:29 PM  [blur] 1
INFO 3/18/2020, 8:09:31 PM  [focus] 1
INFO 3/18/2020, 8:09:39 PM  [blur] 1
INFO 3/18/2020, 8:09:43 PM  [focus] 1
INFO 3/18/2020, 8:09:43 PM  [blur] 1
INFO 3/18/2020, 8:09:43 PM  [focus] 1
INFO 3/18/2020, 8:09:43 PM  [blur] 1
INFO 3/18/2020, 8:09:43 PM  [focus] 1
INFO 3/18/2020, 8:09:43 PM  addRecentDocument
INFO 3/18/2020, 8:09:43 PM  [blur] 1
INFO 3/18/2020, 8:09:46 PM  [focus] 1
INFO 3/18/2020, 8:09:46 PM  [blur] 1
INFO 3/18/2020, 8:09:47 PM  [focus] 1
INFO 3/18/2020, 8:09:48 PM  [blur] 1
INFO 3/18/2020, 8:09:48 PM  [focus] 1
INFO 3/18/2020, 8:09:50 PM  [blur] 1
INFO 3/18/2020, 8:10:05 PM  [focus] 1
INFO 3/18/2020, 8:10:34 PM  [blur] 1
INFO 3/18/2020, 8:18:24 PM  [focus] 1
INFO 3/18/2020, 8:19:48 PM  [blur] 1
INFO 3/18/2020, 8:20:52 PM  [focus] 1
INFO 3/18/2020, 8:21:01 PM  [blur] 1
INFO 3/18/2020, 8:21:02 PM  [focus] 1
INFO 3/18/2020, 8:21:04 PM  [blur] 1
INFO 3/18/2020, 8:21:11 PM  [focus] 1
INFO 3/18/2020, 8:21:28 PM  [blur] 1
INFO 3/18/2020, 8:24:25 PM  [focus] 1
INFO 3/18/2020, 8:24:25 PM  [blur] 1
INFO 3/18/2020, 8:25:12 PM  [focus] 1
INFO 3/18/2020, 8:25:15 PM  [blur] 1
INFO 3/18/2020, 8:25:18 PM  [focus] 1
INFO 3/18/2020, 8:25:41 PM  [blur] 1
INFO 3/18/2020, 8:25:42 PM  [focus] 1
INFO 3/18/2020, 8:25:42 PM  [blur] 1
INFO 3/18/2020, 8:25:43 PM  [focus] 1
INFO 3/18/2020, 8:25:45 PM  [blur] 1
INFO 3/18/2020, 8:25:45 PM  [focus] 1
INFO 3/18/2020, 8:25:57 PM  [blur] 1
INFO 3/18/2020, 8:26:16 PM  [focus] 1
INFO 3/18/2020, 8:26:23 PM  [blur] 1
INFO 3/18/2020, 8:26:29 PM  [focus] 1
INFO 3/18/2020, 8:30:30 PM  [blur] 1
INFO 3/18/2020, 8:30:34 PM  [focus] 1
INFO 3/18/2020, 8:31:56 PM  [blur] 1
INFO 3/18/2020, 8:32:39 PM  [focus] 1
INFO 3/18/2020, 8:36:52 PM  [blur] 1
INFO 3/18/2020, 8:38:45 PM  [focus] 1
INFO 3/18/2020, 8:38:46 PM  ----------------before-quit-----------------
INFO 3/18/2020, 8:38:46 PM  ------------------will-quit------------------
INFO 3/18/2020, 8:47:34 PM  ------------------start------------------
INFO 3/18/2020, 8:47:34 PM  typora version: 0.9.86
DEBUG 3/18/2020, 8:47:34 PM  [ '/usr/share/typora/Typora' ]
INFO 3/18/2020, 8:47:34 PM  [Raven] instanceKey = e328e4b5-5be3-465f-bb09-b687baa0b0fa
DEBUG 3/18/2020, 8:47:34 PM  pinFolder /home/zack/website/_drafts
DEBUG 3/18/2020, 8:47:34 PM  app.openFile
INFO 3/18/2020, 8:47:34 PM  [Raven] userId = 2921bd8f-4dc7-4cdd-a9ff-83f3ee36a76f
INFO 3/18/2020, 8:47:34 PM  [focus] 1
INFO 3/18/2020, 8:47:37 PM  switchDocument
INFO 3/18/2020, 8:47:37 PM  addRecentDocument
INFO 3/18/2020, 8:47:40 PM  [blur] 1
INFO 3/18/2020, 8:47:40 PM  [focus] 1
INFO 3/18/2020, 8:47:45 PM  switchDocument
INFO 3/18/2020, 8:47:45 PM  addRecentDocument
INFO 3/18/2020, 8:48:36 PM  [blur] 1
INFO 3/18/2020, 8:49:05 PM  [focus] 1
INFO 3/18/2020, 8:50:19 PM  [blur] 1
INFO 3/18/2020, 8:51:20 PM  [focus] 1
INFO 3/18/2020, 8:51:22 PM  ----------------before-quit-----------------
INFO 3/18/2020, 8:51:22 PM  ------------------will-quit------------------
INFO 3/27/2020, 7:06:39 PM  ------------------start------------------
INFO 3/27/2020, 7:06:39 PM  typora version: 0.9.86
DEBUG 3/27/2020, 7:06:39 PM  [ '/usr/share/typora/Typora' ]
INFO 3/27/2020, 7:06:39 PM  [Raven] instanceKey = df504dcd-8266-4527-90b2-60e33e0d1a07
INFO 3/27/2020, 7:06:39 PM  [Raven] userId = 2921bd8f-4dc7-4cdd-a9ff-83f3ee36a76f
DEBUG 3/27/2020, 7:06:39 PM  pinFolder /home/zack/website/_drafts
DEBUG 3/27/2020, 7:06:39 PM  app.openFile
INFO 3/27/2020, 7:06:40 PM  [focus] 1
INFO 3/27/2020, 7:06:40 PM  [blur] 1
INFO 3/27/2020, 7:06:40 PM  [focus] 1
INFO 3/27/2020, 7:08:35 PM  [blur] 1
INFO 3/27/2020, 7:08:35 PM  [focus] 1
INFO 3/27/2020, 7:08:36 PM  [blur] 1
INFO 3/27/2020, 7:08:42 PM  [focus] 1
INFO 3/27/2020, 7:08:44 PM  [blur] 1
INFO 3/27/2020, 7:08:57 PM  [focus] 1
INFO 3/27/2020, 7:08:57 PM  [blur] 1
INFO 3/27/2020, 7:08:57 PM  [focus] 1
INFO 3/27/2020, 7:11:08 PM  [blur] 1
INFO 3/27/2020, 7:11:22 PM  [focus] 1
INFO 3/27/2020, 7:11:23 PM  [blur] 1
INFO 3/27/2020, 7:11:24 PM  [focus] 1
INFO 3/27/2020, 7:11:24 PM  [blur] 1
INFO 3/27/2020, 7:11:24 PM  [focus] 1
INFO 3/27/2020, 7:11:24 PM  [blur] 1
INFO 3/27/2020, 7:11:24 PM  [focus] 1
INFO 3/27/2020, 7:11:24 PM  addRecentDocument
INFO 3/27/2020, 7:11:44 PM  [blur] 1
INFO 3/27/2020, 7:11:44 PM  [focus] 1
INFO 3/27/2020, 7:11:44 PM  [blur] 1
INFO 3/27/2020, 7:12:48 PM  [focus] 1
INFO 3/27/2020, 7:12:48 PM  [blur] 1
INFO 3/27/2020, 7:12:48 PM  [focus] 1
INFO 3/27/2020, 7:12:50 PM  [blur] 1
INFO 3/27/2020, 7:13:48 PM  [focus] 1
INFO 3/27/2020, 7:13:50 PM  [blur] 1
INFO 3/27/2020, 7:13:50 PM  [focus] 1
INFO 3/27/2020, 7:13:51 PM  [blur] 1
INFO 3/27/2020, 7:13:51 PM  [focus] 1
INFO 3/27/2020, 7:13:51 PM  [blur] 1
INFO 3/27/2020, 7:13:51 PM  [focus] 1
INFO 3/27/2020, 7:14:12 PM  [blur] 1
INFO 3/27/2020, 7:14:14 PM  [focus] 1
INFO 3/27/2020, 7:14:59 PM  [blur] 1
INFO 3/27/2020, 7:15:01 PM  [focus] 1
INFO 3/27/2020, 7:15:03 PM  [blur] 1
INFO 3/27/2020, 7:17:45 PM  [focus] 1
INFO 3/27/2020, 7:17:45 PM  [blur] 1
INFO 3/27/2020, 7:18:50 PM  [focus] 1
INFO 3/27/2020, 7:18:51 PM  [blur] 1
INFO 3/27/2020, 7:23:33 PM  [focus] 1
INFO 3/27/2020, 7:23:33 PM  [blur] 1
INFO 3/27/2020, 7:23:34 PM  [focus] 1
INFO 3/27/2020, 7:23:37 PM  ----------------before-quit-----------------
INFO 3/27/2020, 7:23:37 PM  ------------------will-quit------------------
INFO 3/27/2020, 7:23:41 PM  ------------------start------------------
INFO 3/27/2020, 7:23:41 PM  typora version: 0.9.86
DEBUG 3/27/2020, 7:23:41 PM  [ '/usr/share/typora/Typora' ]
INFO 3/27/2020, 7:23:41 PM  [Raven] instanceKey = 0a1637b9-fceb-4d5e-8ce9-44f009a9f5ab
INFO 3/27/2020, 7:23:41 PM  [Raven] userId = 2921bd8f-4dc7-4cdd-a9ff-83f3ee36a76f
DEBUG 3/27/2020, 7:23:41 PM  pinFolder /home/zack/website/_drafts
DEBUG 3/27/2020, 7:23:41 PM  app.openFile
INFO 3/27/2020, 7:23:41 PM  [focus] 1
INFO 3/27/2020, 7:23:45 PM  [blur] 1
INFO 3/27/2020, 7:23:45 PM  [focus] 1
INFO 3/27/2020, 7:23:45 PM  [blur] 1
INFO 3/27/2020, 7:23:45 PM  [focus] 1
INFO 3/27/2020, 7:23:46 PM  [blur] 1
INFO 3/27/2020, 7:23:46 PM  [focus] 1
INFO 3/27/2020, 7:23:47 PM  [blur] 1
INFO 3/27/2020, 7:23:48 PM  [focus] 1
INFO 3/27/2020, 7:23:48 PM  [blur] 1
INFO 3/27/2020, 7:23:48 PM  [focus] 1
INFO 3/27/2020, 7:23:49 PM  [blur] 1
INFO 3/27/2020, 7:23:49 PM  [focus] 1
INFO 3/27/2020, 7:23:51 PM  switchDocument
INFO 3/27/2020, 7:23:51 PM  addRecentDocument
INFO 3/27/2020, 7:23:55 PM  switchDocument
INFO 3/27/2020, 7:23:55 PM  addRecentDocument
INFO 3/27/2020, 7:24:06 PM  switchDocument
INFO 3/27/2020, 7:24:06 PM  addRecentDocument
DEBUG 3/27/2020, 7:24:07 PM  lastSync null, timestamp 1585351431856, mtime 1574837176996.11
INFO 3/27/2020, 7:24:07 PM  [blur] 1
INFO 3/27/2020, 7:24:08 PM  [focus] 1
INFO 3/27/2020, 7:24:08 PM  [blur] 1
INFO 3/27/2020, 7:24:08 PM  [focus] 1
INFO 3/27/2020, 7:24:09 PM  [blur] 1
INFO 3/27/2020, 7:24:09 PM  [focus] 1
INFO 3/27/2020, 7:24:12 PM  [blur] 1
INFO 3/27/2020, 7:24:15 PM  [focus] 1
DEBUG 3/27/2020, 7:24:15 PM  app.openFile
INFO 3/27/2020, 7:24:15 PM  addRecentDocument
INFO 3/27/2020, 7:24:15 PM  [blur] 1
INFO 3/27/2020, 7:24:15 PM  [focus] 2
INFO 3/27/2020, 7:24:15 PM  [blur] 2
INFO 3/27/2020, 7:24:15 PM  [focus] 1
INFO 3/27/2020, 7:24:16 PM  [blur] 1
INFO 3/27/2020, 7:24:16 PM  [focus] 2
INFO 3/27/2020, 7:24:16 PM  [blur] 2
INFO 3/27/2020, 7:24:16 PM  [focus] 1
INFO 3/27/2020, 7:24:17 PM  [focus] 2
INFO 3/27/2020, 7:24:17 PM  [blur] 2
INFO 3/27/2020, 7:24:17 PM  [focus] 2
INFO 3/27/2020, 7:24:17 PM  [blur] 2
INFO 3/27/2020, 7:24:17 PM  [focus] 2
INFO 3/27/2020, 7:24:45 PM  [blur] 2
INFO 3/27/2020, 7:24:45 PM  [focus] 2
INFO 3/27/2020, 7:24:45 PM  [blur] 2
INFO 3/27/2020, 7:24:46 PM  [focus] 2
INFO 3/27/2020, 7:24:46 PM  [blur] 2
INFO 3/27/2020, 7:32:35 PM  [focus] 2
INFO 3/27/2020, 7:32:36 PM  [blur] 2
INFO 3/27/2020, 7:32:36 PM  [focus] 2
INFO 3/27/2020, 7:32:39 PM  [blur] 2
INFO 3/27/2020, 7:32:45 PM  [focus] 2
INFO 3/27/2020, 7:32:46 PM  [blur] 2
INFO 3/27/2020, 7:32:53 PM  [focus] 2
INFO 3/27/2020, 7:32:54 PM  [blur] 2
INFO 3/27/2020, 7:32:59 PM  [focus] 2
INFO 3/27/2020, 7:33:08 PM  [blur] 2
INFO 3/27/2020, 7:33:22 PM  [focus] 2
INFO 3/27/2020, 7:33:42 PM  window.File && (function() {$("[data-group='dev-tool']").show();})();
INFO 3/27/2020, 7:33:50 PM  [blur] 2
INFO 3/27/2020, 7:33:51 PM  [focus] 2
INFO 3/27/2020, 7:33:53 PM  [blur] 2
INFO 3/27/2020, 7:33:54 PM  [focus] 2
INFO 3/27/2020, 7:33:54 PM  [blur] 2
INFO 3/27/2020, 7:34:06 PM  [focus] 2
INFO 3/27/2020, 7:34:28 PM  [blur] 2
INFO 3/27/2020, 7:34:31 PM  [focus] 2
INFO 3/27/2020, 7:34:37 PM  [blur] 2
INFO 3/27/2020, 7:34:40 PM  [focus] 2
INFO 3/27/2020, 7:34:42 PM  [blur] 2
INFO 3/27/2020, 7:35:04 PM  [focus] 2
INFO 3/27/2020, 7:35:07 PM  [blur] 2
INFO 3/27/2020, 7:38:02 PM  [focus] 2
INFO 3/27/2020, 7:38:02 PM  [blur] 2
INFO 3/27/2020, 7:38:15 PM  [focus] 2
INFO 3/27/2020, 7:38:15 PM  [blur] 2
INFO 3/27/2020, 7:38:17 PM  [focus] 2
INFO 3/27/2020, 7:38:18 PM  [blur] 2
INFO 3/27/2020, 7:38:44 PM  [focus] 2
INFO 3/27/2020, 7:38:45 PM  [blur] 2
INFO 3/27/2020, 7:38:54 PM  [focus] 2
INFO 3/27/2020, 7:38:54 PM  [blur] 2
INFO 3/27/2020, 7:41:25 PM  [focus] 2
INFO 3/27/2020, 7:41:27 PM  ----------------before-quit-----------------
INFO 3/27/2020, 7:41:27 PM  ------------------will-quit------------------
INFO 3/27/2020, 7:43:07 PM  ------------------start------------------
INFO 3/27/2020, 7:43:07 PM  typora version: 0.9.86
DEBUG 3/27/2020, 7:43:07 PM  [ '/usr/share/typora/Typora' ]
INFO 3/27/2020, 7:43:08 PM  [Raven] instanceKey = 0304a030-2360-4af6-984b-23cb2739b156
INFO 3/27/2020, 7:43:08 PM  [Raven] userId = 2921bd8f-4dc7-4cdd-a9ff-83f3ee36a76f
DEBUG 3/27/2020, 7:43:08 PM  pinFolder /home/zack/website/_drafts
DEBUG 3/27/2020, 7:43:08 PM  app.openFile
INFO 3/27/2020, 7:43:08 PM  [focus] 1
INFO 3/27/2020, 7:43:10 PM  [blur] 1
INFO 3/27/2020, 7:43:10 PM  [focus] 1
ERROR 3/27/2020, 7:43:11 PM  [RenderProcess 1][Error] TypeError: MathJax.Callback is not a function
    at file:///usr/share/typora/resources/app//app/window/frame.js:1:110960
    at c (file:///usr/share/typora/resources/app//app/window/frame.js:1:2382)
    at file:///usr/share/typora/resources/app//app/window/frame.js:1:2230
    at file:///usr/share/typora/resources/app//app/window/frame.js:1:401027
    at c (file:///usr/share/typora/resources/app//app/window/frame.js:1:2382)
    at file:///usr/share/typora/resources/app//app/window/frame.js:1:2230
    at file:///usr/share/typora/resources/app//app/window/frame.js:1:462232
    at c (file:///usr/share/typora/resources/app//app/window/frame.js:1:2382)
    at file:///usr/share/typora/resources/app//app/window/frame.js:1:2230
    at file:///usr/share/typora/resources/app//app/window/frame.js:1:1482234
    at c (file:///usr/share/typora/resources/app//app/window/frame.js:1:2382)
    at o (file:///usr/share/typora/resources/app//app/window/frame.js:1:974)
    at file:///usr/share/typora/resources/app//app/window/frame.js:1:3483
    at file:///usr/share/typora/resources/app//app/window/frame.js:1:1489245
    at file:///usr/share/typora/resources/app//app/window/frame.js:1:3241
    at file:///usr/share/typora/resources/app//app/window/frame.js:1:1489094
ERROR 3/27/2020, 7:43:19 PM  [RenderProcess 1][Error] TypeError: Cannot read property 'open' of undefined
    at <anonymous>:1:38
    at WebFrame.<computed> (/usr/share/typora/resources/electron.asar/renderer/api/web-frame.js:64:33)
    at WebFrame.executeJavaScript (/usr/share/typora/resources/electron.asar/common/api/deprecate.js:114:32)
    at /usr/share/typora/resources/electron.asar/renderer/web-frame-init.js:11:43
    at /usr/share/typora/resources/electron.asar/renderer/ipc-renderer-internal-utils.js:7:40
    at new Promise (<anonymous>)
    at EventEmitter.<anonymous> (/usr/share/typora/resources/electron.asar/renderer/ipc-renderer-internal-utils.js:7:9)
    at EventEmitter.emit (events.js:200:13)
    at Object.onMessage (/usr/share/typora/resources/electron.asar/renderer/init.js:42:16)
ERROR 3/27/2020, 7:43:19 PM  unhandledRejection Error: Script failed to execute, this normally means an error was thrown. Check the renderer console for the error.
    at WebFrame.<computed> (/usr/share/typora/resources/electron.asar/renderer/api/web-frame.js:64:33)
    at WebFrame.executeJavaScript (/usr/share/typora/resources/electron.asar/common/api/deprecate.js:114:32)
    at /usr/share/typora/resources/electron.asar/renderer/web-frame-init.js:11:43
    at /usr/share/typora/resources/electron.asar/renderer/ipc-renderer-internal-utils.js:7:40
    at new Promise (<anonymous>)
    at EventEmitter.<anonymous> (/usr/share/typora/resources/electron.asar/renderer/ipc-renderer-internal-utils.js:7:9)
    at EventEmitter.emit (events.js:200:13)
    at Object.onMessage (/usr/share/typora/resources/electron.asar/renderer/init.js:42:16)
ERROR 3/27/2020, 7:43:19 PM  (node:65135) [DEP0066] DeprecationWarning: OutgoingMessage.prototype._headers is deprecated
ERROR 3/27/2020, 7:43:19 PM  (node:65135) [DEP0066] DeprecationWarning: OutgoingMessage.prototype._headers is deprecated
INFO 3/27/2020, 7:43:30 PM  [blur] 1
INFO 3/27/2020, 7:43:31 PM  [focus] 1
ERROR 3/27/2020, 7:43:33 PM  [RenderProcess 1][Error] ReferenceError: ClientCommand is not defined
    at <anonymous>:1:1
    at WebFrame.<computed> (/usr/share/typora/resources/electron.asar/renderer/api/web-frame.js:64:33)
    at WebFrame.executeJavaScript (/usr/share/typora/resources/electron.asar/common/api/deprecate.js:114:32)
    at /usr/share/typora/resources/electron.asar/renderer/web-frame-init.js:11:43
    at /usr/share/typora/resources/electron.asar/renderer/ipc-renderer-internal-utils.js:7:40
    at new Promise (<anonymous>)
    at EventEmitter.<anonymous> (/usr/share/typora/resources/electron.asar/renderer/ipc-renderer-internal-utils.js:7:9)
    at EventEmitter.emit (events.js:200:13)
    at Object.onMessage (/usr/share/typora/resources/electron.asar/renderer/init.js:42:16)
INFO 3/27/2020, 7:45:11 PM  [blur] 1
INFO 3/27/2020, 7:46:30 PM  [focus] 1
INFO 3/27/2020, 7:46:32 PM  ----------------before-quit-----------------
INFO 3/27/2020, 7:46:32 PM  ------------------will-quit------------------
INFO 3/27/2020, 7:46:38 PM  ------------------start------------------
INFO 3/27/2020, 7:46:38 PM  typora version: 0.9.86
DEBUG 3/27/2020, 7:46:38 PM  [ '/usr/share/typora/Typora' ]
INFO 3/27/2020, 7:46:38 PM  [Raven] instanceKey = 42640f42-ee40-4b10-8647-840c7347bad6
INFO 3/27/2020, 7:46:38 PM  [Raven] userId = 2921bd8f-4dc7-4cdd-a9ff-83f3ee36a76f
DEBUG 3/27/2020, 7:46:38 PM  pinFolder /home/zack/website/_drafts
DEBUG 3/27/2020, 7:46:38 PM  app.openFile
INFO 3/27/2020, 7:46:39 PM  [focus] 1
ERROR 3/27/2020, 7:46:42 PM  [RenderProcess 1][Error] TypeError: MathJax.Callback is not a function
    at file:///usr/share/typora/resources/app//app/window/frame.js:1:110960
    at c (file:///usr/share/typora/resources/app//app/window/frame.js:1:2382)
    at file:///usr/share/typora/resources/app//app/window/frame.js:1:2230
    at file:///usr/share/typora/resources/app//app/window/frame.js:1:401027
    at c (file:///usr/share/typora/resources/app//app/window/frame.js:1:2382)
    at file:///usr/share/typora/resources/app//app/window/frame.js:1:2230
    at file:///usr/share/typora/resources/app//app/window/frame.js:1:462232
    at c (file:///usr/share/typora/resources/app//app/window/frame.js:1:2382)
    at file:///usr/share/typora/resources/app//app/window/frame.js:1:2230
    at file:///usr/share/typora/resources/app//app/window/frame.js:1:1482234
    at c (file:///usr/share/typora/resources/app//app/window/frame.js:1:2382)
    at o (file:///usr/share/typora/resources/app//app/window/frame.js:1:974)
    at file:///usr/share/typora/resources/app//app/window/frame.js:1:3483
    at file:///usr/share/typora/resources/app//app/window/frame.js:1:1489245
    at file:///usr/share/typora/resources/app//app/window/frame.js:1:3241
    at file:///usr/share/typora/resources/app//app/window/frame.js:1:1489094
ERROR 3/27/2020, 7:46:44 PM  [RenderProcess 1][Error] ReferenceError: ClientCommand is not defined
    at <anonymous>:1:1
    at WebFrame.<computed> (/usr/share/typora/resources/electron.asar/renderer/api/web-frame.js:64:33)
    at WebFrame.executeJavaScript (/usr/share/typora/resources/electron.asar/common/api/deprecate.js:114:32)
    at /usr/share/typora/resources/electron.asar/renderer/web-frame-init.js:11:43
    at /usr/share/typora/resources/electron.asar/renderer/ipc-renderer-internal-utils.js:7:40
    at new Promise (<anonymous>)
    at EventEmitter.<anonymous> (/usr/share/typora/resources/electron.asar/renderer/ipc-renderer-internal-utils.js:7:9)
    at EventEmitter.emit (events.js:200:13)
    at Object.onMessage (/usr/share/typora/resources/electron.asar/renderer/init.js:42:16)
INFO 3/27/2020, 7:46:50 PM  [blur] 1
INFO 3/27/2020, 7:47:04 PM  [focus] 1
INFO 3/27/2020, 7:47:16 PM  [blur] 1
INFO 3/27/2020, 7:47:17 PM  [focus] 1
INFO 3/27/2020, 7:47:45 PM  [blur] 1
INFO 3/27/2020, 7:48:15 PM  [focus] 1
INFO 3/27/2020, 7:48:44 PM  [blur] 1
INFO 3/27/2020, 7:48:46 PM  [focus] 1
INFO 3/27/2020, 7:48:47 PM  [blur] 1
INFO 3/27/2020, 7:49:35 PM  [focus] 1
INFO 3/27/2020, 7:49:36 PM  [blur] 1
INFO 3/27/2020, 7:51:25 PM  [focus] 1
INFO 3/27/2020, 7:51:28 PM  ----------------before-quit-----------------
INFO 3/27/2020, 7:51:28 PM  ------------------will-quit------------------
INFO 3/27/2020, 7:51:33 PM  ------------------start------------------
INFO 3/27/2020, 7:51:33 PM  typora version: 0.9.86
DEBUG 3/27/2020, 7:51:33 PM  [ '/usr/share/typora/Typora' ]
INFO 3/27/2020, 7:51:33 PM  [Raven] instanceKey = ccecbcbd-f54e-481c-a953-253f4d6db654
INFO 3/27/2020, 7:51:33 PM  [Raven] userId = 2921bd8f-4dc7-4cdd-a9ff-83f3ee36a76f
DEBUG 3/27/2020, 7:51:34 PM  pinFolder /home/zack/website/_drafts
DEBUG 3/27/2020, 7:51:34 PM  app.openFile
INFO 3/27/2020, 7:51:34 PM  [focus] 1
ERROR 3/27/2020, 7:51:36 PM  [RenderProcess 1][Error] TypeError: MathJax.Callback is not a function
    at file:///usr/share/typora/resources/app//app/window/frame.js:1:110960
    at c (file:///usr/share/typora/resources/app//app/window/frame.js:1:2382)
    at file:///usr/share/typora/resources/app//app/window/frame.js:1:2230
    at file:///usr/share/typora/resources/app//app/window/frame.js:1:401027
    at c (file:///usr/share/typora/resources/app//app/window/frame.js:1:2382)
    at file:///usr/share/typora/resources/app//app/window/frame.js:1:2230
    at file:///usr/share/typora/resources/app//app/window/frame.js:1:462232
    at c (file:///usr/share/typora/resources/app//app/window/frame.js:1:2382)
    at file:///usr/share/typora/resources/app//app/window/frame.js:1:2230
    at file:///usr/share/typora/resources/app//app/window/frame.js:1:1482234
    at c (file:///usr/share/typora/resources/app//app/window/frame.js:1:2382)
    at o (file:///usr/share/typora/resources/app//app/window/frame.js:1:974)
    at file:///usr/share/typora/resources/app//app/window/frame.js:1:3483
    at file:///usr/share/typora/resources/app//app/window/frame.js:1:1489245
    at file:///usr/share/typora/resources/app//app/window/frame.js:1:3241
    at file:///usr/share/typora/resources/app//app/window/frame.js:1:1489094
ERROR 3/27/2020, 7:51:41 PM  [RenderProcess 1][Error] ReferenceError: ClientCommand is not defined
    at <anonymous>:1:1
    at WebFrame.<computed> (/usr/share/typora/resources/electron.asar/renderer/api/web-frame.js:64:33)
    at WebFrame.executeJavaScript (/usr/share/typora/resources/electron.asar/common/api/deprecate.js:114:32)
    at /usr/share/typora/resources/electron.asar/renderer/web-frame-init.js:11:43
    at /usr/share/typora/resources/electron.asar/renderer/ipc-renderer-internal-utils.js:7:40
    at new Promise (<anonymous>)
    at EventEmitter.<anonymous> (/usr/share/typora/resources/electron.asar/renderer/ipc-renderer-internal-utils.js:7:9)
    at EventEmitter.emit (events.js:200:13)
    at Object.onMessage (/usr/share/typora/resources/electron.asar/renderer/init.js:42:16)
INFO 3/27/2020, 7:51:45 PM  [blur] 1
INFO 3/27/2020, 7:51:45 PM  [focus] 1
INFO 3/27/2020, 7:51:50 PM  [blur] 1
INFO 3/27/2020, 7:51:50 PM  [focus] 1
ERROR 3/27/2020, 7:51:52 PM  [RenderProcess 1][Error] ReferenceError: ClientCommand is not defined
    at <anonymous>:1:1
    at WebFrame.<computed> (/usr/share/typora/resources/electron.asar/renderer/api/web-frame.js:64:33)
    at WebFrame.executeJavaScript (/usr/share/typora/resources/electron.asar/common/api/deprecate.js:114:32)
    at /usr/share/typora/resources/electron.asar/renderer/web-frame-init.js:11:43
    at /usr/share/typora/resources/electron.asar/renderer/ipc-renderer-internal-utils.js:7:40
    at new Promise (<anonymous>)
    at EventEmitter.<anonymous> (/usr/share/typora/resources/electron.asar/renderer/ipc-renderer-internal-utils.js:7:9)
    at EventEmitter.emit (events.js:200:13)
    at Object.onMessage (/usr/share/typora/resources/electron.asar/renderer/init.js:42:16)
INFO 3/27/2020, 7:51:54 PM  [blur] 1
INFO 3/27/2020, 7:51:54 PM  [focus] 1
INFO 3/27/2020, 7:51:55 PM  [blur] 1
INFO 3/27/2020, 7:51:56 PM  [focus] 1
ERROR 3/27/2020, 7:51:56 PM  [RenderProcess 1][Error] ReferenceError: ClientCommand is not defined
    at <anonymous>:1:1
    at WebFrame.<computed> (/usr/share/typora/resources/electron.asar/renderer/api/web-frame.js:64:33)
    at WebFrame.executeJavaScript (/usr/share/typora/resources/electron.asar/common/api/deprecate.js:114:32)
    at /usr/share/typora/resources/electron.asar/renderer/web-frame-init.js:11:43
    at /usr/share/typora/resources/electron.asar/renderer/ipc-renderer-internal-utils.js:7:40
    at new Promise (<anonymous>)
    at EventEmitter.<anonymous> (/usr/share/typora/resources/electron.asar/renderer/ipc-renderer-internal-utils.js:7:9)
    at EventEmitter.emit (events.js:200:13)
    at Object.onMessage (/usr/share/typora/resources/electron.asar/renderer/init.js:42:16)
INFO 3/27/2020, 7:51:58 PM  [blur] 1
INFO 3/27/2020, 7:52:23 PM  [focus] 1
INFO 3/27/2020, 7:52:26 PM  [blur] 1
INFO 3/27/2020, 7:52:41 PM  [focus] 1
INFO 3/27/2020, 7:52:41 PM  [blur] 1
INFO 3/27/2020, 7:52:42 PM  [focus] 1
INFO 3/27/2020, 7:52:44 PM  [blur] 1
INFO 3/27/2020, 7:53:49 PM  [focus] 1
ERROR 3/27/2020, 7:53:50 PM  [RenderProcess 1][Error] TypeError: Cannot read property 'close' of undefined
    at <anonymous>:1:38
    at WebFrame.<computed> (/usr/share/typora/resources/electron.asar/renderer/api/web-frame.js:64:33)
    at WebFrame.executeJavaScript (/usr/share/typora/resources/electron.asar/common/api/deprecate.js:114:32)
    at /usr/share/typora/resources/electron.asar/renderer/web-frame-init.js:11:43
    at /usr/share/typora/resources/electron.asar/renderer/ipc-renderer-internal-utils.js:7:40
    at new Promise (<anonymous>)
    at EventEmitter.<anonymous> (/usr/share/typora/resources/electron.asar/renderer/ipc-renderer-internal-utils.js:7:9)
    at EventEmitter.emit (events.js:200:13)
    at Object.onMessage (/usr/share/typora/resources/electron.asar/renderer/init.js:42:16)
ERROR 3/27/2020, 7:53:50 PM  unhandledRejection Error: Script failed to execute, this normally means an error was thrown. Check the renderer console for the error.
    at WebFrame.<computed> (/usr/share/typora/resources/electron.asar/renderer/api/web-frame.js:64:33)
    at WebFrame.executeJavaScript (/usr/share/typora/resources/electron.asar/common/api/deprecate.js:114:32)
    at /usr/share/typora/resources/electron.asar/renderer/web-frame-init.js:11:43
    at /usr/share/typora/resources/electron.asar/renderer/ipc-renderer-internal-utils.js:7:40
    at new Promise (<anonymous>)
    at EventEmitter.<anonymous> (/usr/share/typora/resources/electron.asar/renderer/ipc-renderer-internal-utils.js:7:9)
    at EventEmitter.emit (events.js:200:13)
    at Object.onMessage (/usr/share/typora/resources/electron.asar/renderer/init.js:42:16)
ERROR 3/27/2020, 7:53:50 PM  (node:67200) [DEP0066] DeprecationWarning: OutgoingMessage.prototype._headers is deprecated
ERROR 3/27/2020, 7:53:50 PM  (node:67200) [DEP0066] DeprecationWarning: OutgoingMessage.prototype._headers is deprecated
INFO 3/27/2020, 7:53:52 PM  ----------------before-quit-----------------
INFO 3/27/2020, 7:53:52 PM  ------------------will-quit------------------
INFO 3/27/2020, 7:54:02 PM  ------------------start------------------
INFO 3/27/2020, 7:54:02 PM  typora version: 0.9.86
DEBUG 3/27/2020, 7:54:02 PM  [ '/usr/share/typora/Typora' ]
INFO 3/27/2020, 7:54:02 PM  [Raven] instanceKey = d04def2d-b41b-444a-ae5e-9d06f9810f9d
INFO 3/27/2020, 7:54:02 PM  [Raven] userId = 2921bd8f-4dc7-4cdd-a9ff-83f3ee36a76f
DEBUG 3/27/2020, 7:54:02 PM  pinFolder /home/zack/website/_drafts
DEBUG 3/27/2020, 7:54:02 PM  app.openFile
INFO 3/27/2020, 7:54:03 PM  [focus] 1
INFO 3/27/2020, 7:54:09 PM  [blur] 1
INFO 3/27/2020, 7:54:11 PM  [focus] 1
INFO 3/27/2020, 7:54:11 PM  addRecentDocument
INFO 3/27/2020, 7:54:11 PM  [blur] 1
INFO 3/27/2020, 7:54:11 PM  [focus] 1
INFO 3/27/2020, 7:54:20 PM  [blur] 1
INFO 3/27/2020, 7:54:31 PM  [focus] 1
INFO 3/27/2020, 7:54:32 PM  [blur] 1
INFO 3/27/2020, 7:55:21 PM  [focus] 1
INFO 3/27/2020, 7:55:49 PM  [blur] 1
INFO 3/27/2020, 7:55:49 PM  [focus] 1
INFO 3/27/2020, 7:55:50 PM  [blur] 1
INFO 3/27/2020, 7:55:59 PM  [focus] 1
INFO 3/27/2020, 7:55:59 PM  [blur] 1
INFO 3/27/2020, 7:56:26 PM  [focus] 1
INFO 3/27/2020, 7:56:28 PM  [blur] 1
INFO 3/27/2020, 7:57:04 PM  [focus] 1
INFO 3/27/2020, 7:57:04 PM  [blur] 1
INFO 3/27/2020, 8:01:55 PM  [focus] 1
INFO 3/27/2020, 8:01:56 PM  [blur] 1
INFO 3/27/2020, 8:01:59 PM  [focus] 1
INFO 3/27/2020, 8:01:59 PM  [blur] 1
INFO 3/27/2020, 8:02:40 PM  [focus] 1
INFO 3/27/2020, 8:02:40 PM  [blur] 1
INFO 3/27/2020, 8:03:06 PM  [focus] 1
INFO 3/27/2020, 8:03:06 PM  [blur] 1
INFO 3/27/2020, 8:04:33 PM  [focus] 1
INFO 3/27/2020, 8:04:33 PM  [blur] 1
INFO 3/27/2020, 8:04:54 PM  [focus] 1
INFO 3/27/2020, 8:04:54 PM  [blur] 1
INFO 3/27/2020, 8:05:18 PM  [focus] 1
INFO 3/27/2020, 8:05:18 PM  [blur] 1
INFO 3/27/2020, 8:06:37 PM  [focus] 1
INFO 3/27/2020, 8:06:37 PM  [blur] 1
INFO 3/27/2020, 8:06:38 PM  [focus] 1
INFO 3/27/2020, 8:06:38 PM  [blur] 1
INFO 3/27/2020, 8:07:32 PM  [focus] 1
INFO 3/27/2020, 8:07:32 PM  [blur] 1
INFO 3/27/2020, 8:08:07 PM  [focus] 1
INFO 3/27/2020, 8:08:08 PM  [blur] 1
INFO 3/27/2020, 8:08:38 PM  [focus] 1
INFO 3/27/2020, 8:08:39 PM  [blur] 1
INFO 3/27/2020, 8:13:17 PM  [focus] 1
INFO 3/27/2020, 8:13:18 PM  [blur] 1
INFO 3/27/2020, 8:13:30 PM  [focus] 1
INFO 3/27/2020, 8:13:30 PM  [blur] 1
INFO 3/27/2020, 8:15:56 PM  [focus] 1
INFO 3/27/2020, 8:15:56 PM  [blur] 1
INFO 3/27/2020, 8:16:18 PM  [focus] 1
INFO 3/27/2020, 8:16:18 PM  [blur] 1
INFO 3/27/2020, 8:31:23 PM  [focus] 1
INFO 3/27/2020, 8:31:24 PM  [blur] 1
INFO 3/27/2020, 8:31:24 PM  [focus] 1
INFO 3/27/2020, 8:31:24 PM  [blur] 1
INFO 3/27/2020, 8:31:43 PM  [focus] 1
INFO 3/27/2020, 8:31:47 PM  [blur] 1
INFO 3/27/2020, 8:32:05 PM  [focus] 1
INFO 3/27/2020, 8:32:05 PM  [blur] 1
INFO 3/27/2020, 8:32:12 PM  [focus] 1
INFO 3/27/2020, 8:32:18 PM  [blur] 1
INFO 3/27/2020, 8:32:18 PM  [focus] 1
INFO 3/27/2020, 8:32:27 PM  [blur] 1
INFO 3/27/2020, 8:32:43 PM  [focus] 1
INFO 3/27/2020, 8:32:43 PM  [blur] 1
INFO 3/27/2020, 8:32:50 PM  [focus] 1
INFO 3/27/2020, 8:32:50 PM  [blur] 1
INFO 3/27/2020, 8:33:04 PM  [focus] 1
INFO 3/27/2020, 8:33:04 PM  [blur] 1
INFO 3/27/2020, 8:33:04 PM  [focus] 1
INFO 3/27/2020, 8:33:05 PM  [blur] 1
INFO 3/27/2020, 8:33:06 PM  [focus] 1
INFO 3/27/2020, 8:33:07 PM  [blur] 1
INFO 3/27/2020, 8:33:07 PM  [focus] 1
INFO 3/27/2020, 8:33:07 PM  [blur] 1
INFO 3/27/2020, 8:33:30 PM  [focus] 1
INFO 3/27/2020, 8:33:30 PM  [blur] 1
INFO 3/27/2020, 8:33:38 PM  [focus] 1
INFO 3/27/2020, 8:33:38 PM  [blur] 1
INFO 3/27/2020, 8:33:49 PM  [focus] 1
INFO 3/27/2020, 8:33:49 PM  [blur] 1
INFO 3/27/2020, 8:33:50 PM  [focus] 1
INFO 3/27/2020, 8:33:50 PM  [blur] 1
INFO 3/27/2020, 8:33:50 PM  [focus] 1
INFO 3/27/2020, 8:33:50 PM  [blur] 1
INFO 3/27/2020, 8:33:50 PM  [focus] 1
INFO 3/27/2020, 8:33:51 PM  [blur] 1
INFO 3/27/2020, 8:33:51 PM  [focus] 1
INFO 3/27/2020, 8:33:52 PM  [blur] 1
INFO 3/27/2020, 8:33:53 PM  [focus] 1
INFO 3/27/2020, 8:33:53 PM  [blur] 1
INFO 3/27/2020, 8:33:53 PM  [focus] 1
INFO 3/27/2020, 8:33:53 PM  [blur] 1
INFO 3/27/2020, 8:33:53 PM  [focus] 1
INFO 3/27/2020, 8:33:54 PM  [blur] 1
INFO 3/27/2020, 8:35:11 PM  [focus] 1
INFO 3/27/2020, 8:35:11 PM  [blur] 1
INFO 3/27/2020, 8:36:06 PM  [focus] 1
INFO 3/27/2020, 8:36:06 PM  [blur] 1
INFO 3/27/2020, 8:36:06 PM  [focus] 1
INFO 3/27/2020, 8:36:06 PM  [blur] 1
INFO 3/27/2020, 8:37:07 PM  [focus] 1
INFO 3/27/2020, 8:37:07 PM  [blur] 1
INFO 3/27/2020, 8:37:07 PM  [focus] 1
INFO 3/27/2020, 8:37:07 PM  [blur] 1
INFO 3/27/2020, 8:37:33 PM  [focus] 1
INFO 3/27/2020, 8:37:34 PM  [blur] 1
INFO 3/27/2020, 8:37:34 PM  [focus] 1
INFO 3/27/2020, 8:37:38 PM  [blur] 1
INFO 3/27/2020, 8:37:43 PM  [focus] 1
INFO 3/27/2020, 8:37:43 PM  [blur] 1
INFO 3/27/2020, 8:37:58 PM  [focus] 1
INFO 3/27/2020, 8:37:58 PM  [blur] 1
INFO 3/27/2020, 8:38:56 PM  [focus] 1
INFO 3/27/2020, 8:38:59 PM  [blur] 1
INFO 3/27/2020, 8:40:11 PM  [focus] 1
INFO 3/27/2020, 8:40:11 PM  [blur] 1
INFO 3/27/2020, 8:40:18 PM  [focus] 1
INFO 3/27/2020, 8:40:21 PM  [blur] 1
INFO 3/27/2020, 8:42:05 PM  [focus] 1
INFO 3/27/2020, 8:42:06 PM  [blur] 1
INFO 3/27/2020, 8:42:06 PM  [focus] 1
INFO 3/27/2020, 8:42:10 PM  [blur] 1
INFO 3/27/2020, 8:42:10 PM  [focus] 1
INFO 3/27/2020, 8:42:10 PM  [blur] 1
INFO 3/27/2020, 8:43:03 PM  [focus] 1
INFO 3/27/2020, 8:43:04 PM  [blur] 1
INFO 3/27/2020, 8:43:20 PM  [focus] 1
INFO 3/27/2020, 8:43:20 PM  [blur] 1
INFO 3/27/2020, 8:44:35 PM  [focus] 1
INFO 3/27/2020, 8:44:35 PM  [blur] 1
INFO 3/27/2020, 8:44:35 PM  [focus] 1
INFO 3/27/2020, 8:44:35 PM  [blur] 1
INFO 3/27/2020, 8:44:45 PM  [focus] 1
INFO 3/27/2020, 8:44:45 PM  [blur] 1
INFO 3/27/2020, 8:45:00 PM  [focus] 1
INFO 3/27/2020, 8:45:00 PM  [blur] 1
INFO 3/27/2020, 8:45:00 PM  [focus] 1
INFO 3/27/2020, 8:45:00 PM  [blur] 1
INFO 3/27/2020, 8:45:03 PM  [focus] 1
INFO 3/27/2020, 8:45:03 PM  [blur] 1
INFO 3/27/2020, 8:48:28 PM  [focus] 1
INFO 3/27/2020, 8:48:28 PM  [blur] 1
INFO 3/27/2020, 8:48:28 PM  [focus] 1
INFO 3/27/2020, 8:48:28 PM  [blur] 1
INFO 3/27/2020, 8:49:55 PM  [focus] 1
INFO 3/27/2020, 8:49:55 PM  [blur] 1
INFO 3/27/2020, 8:49:56 PM  [focus] 1
INFO 3/27/2020, 8:49:56 PM  [blur] 1
INFO 3/27/2020, 8:50:36 PM  [focus] 1
INFO 3/27/2020, 8:50:38 PM  [blur] 1
INFO 3/27/2020, 8:51:33 PM  [focus] 1
INFO 3/27/2020, 8:51:33 PM  [blur] 1
INFO 3/27/2020, 8:51:33 PM  [focus] 1
INFO 3/27/2020, 8:51:34 PM  [blur] 1
INFO 3/27/2020, 8:51:34 PM  [focus] 1
INFO 3/27/2020, 8:51:34 PM  [blur] 1
INFO 3/27/2020, 8:51:39 PM  [focus] 1
INFO 3/27/2020, 8:51:39 PM  [blur] 1
INFO 3/27/2020, 8:53:13 PM  [focus] 1
INFO 3/27/2020, 8:53:14 PM  [blur] 1
INFO 3/27/2020, 8:53:25 PM  [focus] 1
INFO 3/27/2020, 8:53:25 PM  [blur] 1
INFO 3/27/2020, 8:53:26 PM  [focus] 1
INFO 3/27/2020, 8:53:26 PM  [blur] 1
INFO 3/27/2020, 8:54:24 PM  [focus] 1
INFO 3/27/2020, 8:54:25 PM  [blur] 1
INFO 3/27/2020, 8:55:00 PM  [focus] 1
INFO 3/27/2020, 8:55:00 PM  [blur] 1
INFO 3/27/2020, 8:58:15 PM  [focus] 1
INFO 3/27/2020, 8:58:15 PM  [blur] 1
INFO 3/27/2020, 8:58:56 PM  [focus] 1
INFO 3/27/2020, 8:58:57 PM  [blur] 1
INFO 3/27/2020, 8:59:07 PM  [focus] 1
INFO 3/27/2020, 8:59:07 PM  [blur] 1
INFO 3/27/2020, 8:59:07 PM  [focus] 1
INFO 3/27/2020, 8:59:07 PM  [blur] 1
INFO 3/27/2020, 8:59:08 PM  [focus] 1
INFO 3/27/2020, 8:59:10 PM  [blur] 1
INFO 3/27/2020, 8:59:11 PM  [focus] 1
INFO 3/27/2020, 8:59:11 PM  [blur] 1
INFO 3/27/2020, 8:59:29 PM  [focus] 1
INFO 3/27/2020, 8:59:29 PM  [blur] 1
INFO 3/27/2020, 8:59:29 PM  [focus] 1
INFO 3/27/2020, 8:59:29 PM  [blur] 1
INFO 3/27/2020, 8:59:29 PM  [focus] 1
INFO 3/27/2020, 8:59:29 PM  [blur] 1
INFO 3/27/2020, 8:59:30 PM  [focus] 1
INFO 3/27/2020, 8:59:33 PM  [blur] 1
INFO 3/27/2020, 8:59:34 PM  [focus] 1
INFO 3/27/2020, 8:59:34 PM  [blur] 1
INFO 3/27/2020, 8:59:34 PM  [focus] 1
INFO 3/27/2020, 8:59:34 PM  [blur] 1
INFO 3/27/2020, 8:59:34 PM  [focus] 1
INFO 3/27/2020, 8:59:34 PM  [blur] 1
INFO 3/27/2020, 8:59:34 PM  [focus] 1
INFO 3/27/2020, 8:59:34 PM  [blur] 1
INFO 3/27/2020, 8:59:35 PM  [focus] 1
INFO 3/27/2020, 8:59:35 PM  [blur] 1
INFO 3/27/2020, 8:59:55 PM  [focus] 1
INFO 3/27/2020, 8:59:55 PM  [blur] 1
INFO 3/27/2020, 8:59:56 PM  [focus] 1
INFO 3/27/2020, 8:59:57 PM  [blur] 1
INFO 3/27/2020, 9:00:09 PM  [focus] 1
INFO 3/27/2020, 9:00:10 PM  [blur] 1
INFO 3/27/2020, 9:00:11 PM  [focus] 1
INFO 3/27/2020, 9:00:11 PM  [blur] 1
INFO 3/27/2020, 9:00:19 PM  [focus] 1
INFO 3/27/2020, 9:00:20 PM  [blur] 1
INFO 3/27/2020, 9:00:28 PM  [focus] 1
INFO 3/27/2020, 9:00:29 PM  [blur] 1
INFO 3/27/2020, 9:00:30 PM  [focus] 1
INFO 3/27/2020, 9:00:30 PM  [blur] 1
INFO 3/27/2020, 9:00:31 PM  [focus] 1
INFO 3/27/2020, 9:00:32 PM  [blur] 1
INFO 3/27/2020, 9:00:32 PM  [focus] 1
INFO 3/27/2020, 9:00:35 PM  [blur] 1
INFO 3/27/2020, 9:00:35 PM  [focus] 1
INFO 3/27/2020, 9:00:37 PM  [blur] 1
INFO 3/27/2020, 9:00:38 PM  [focus] 1
INFO 3/27/2020, 9:00:38 PM  [blur] 1
INFO 3/27/2020, 9:00:39 PM  [focus] 1
INFO 3/27/2020, 9:00:40 PM  [blur] 1
INFO 3/27/2020, 9:00:40 PM  [focus] 1
INFO 3/27/2020, 9:00:43 PM  [blur] 1
INFO 3/27/2020, 9:01:32 PM  [focus] 1
INFO 3/27/2020, 9:01:33 PM  [blur] 1
INFO 3/27/2020, 9:01:50 PM  [focus] 1
INFO 3/27/2020, 9:01:50 PM  [blur] 1
INFO 3/27/2020, 9:01:51 PM  [focus] 1
INFO 3/27/2020, 9:01:51 PM  [blur] 1
INFO 3/27/2020, 9:01:51 PM  [focus] 1
INFO 3/27/2020, 9:01:51 PM  [blur] 1
INFO 3/27/2020, 9:01:51 PM  [focus] 1
INFO 3/27/2020, 9:01:52 PM  [blur] 1
INFO 3/27/2020, 9:01:57 PM  [focus] 1
INFO 3/27/2020, 9:01:57 PM  [blur] 1
INFO 3/27/2020, 9:02:04 PM  [focus] 1
INFO 3/27/2020, 9:02:04 PM  [blur] 1
INFO 3/27/2020, 9:03:26 PM  [focus] 1
INFO 3/27/2020, 9:03:27 PM  [blur] 1
INFO 3/27/2020, 9:03:28 PM  [focus] 1
INFO 3/27/2020, 9:03:28 PM  [blur] 1
INFO 3/27/2020, 9:03:29 PM  [focus] 1
INFO 3/27/2020, 9:03:29 PM  [blur] 1
INFO 3/27/2020, 9:03:31 PM  [focus] 1
INFO 3/27/2020, 9:03:32 PM  [blur] 1
INFO 3/27/2020, 9:03:52 PM  [focus] 1
INFO 3/27/2020, 9:03:52 PM  [blur] 1
INFO 3/27/2020, 9:03:54 PM  [focus] 1
INFO 3/27/2020, 9:03:55 PM  [blur] 1
INFO 3/27/2020, 9:04:06 PM  [focus] 1
INFO 3/27/2020, 9:04:07 PM  [blur] 1
INFO 3/27/2020, 9:04:25 PM  [focus] 1
INFO 3/27/2020, 9:04:25 PM  [blur] 1
INFO 3/27/2020, 9:04:25 PM  [focus] 1
INFO 3/27/2020, 9:04:25 PM  [blur] 1
INFO 3/27/2020, 9:04:25 PM  [focus] 1
INFO 3/27/2020, 9:04:25 PM  [blur] 1
INFO 3/27/2020, 9:04:27 PM  [focus] 1
INFO 3/27/2020, 9:04:27 PM  [blur] 1
INFO 3/27/2020, 9:04:27 PM  [focus] 1
INFO 3/27/2020, 9:04:27 PM  [blur] 1
INFO 3/27/2020, 9:04:27 PM  [focus] 1
INFO 3/27/2020, 9:04:27 PM  [blur] 1
INFO 3/27/2020, 9:04:27 PM  [focus] 1
INFO 3/27/2020, 9:04:27 PM  [blur] 1
INFO 3/27/2020, 9:04:28 PM  [focus] 1
INFO 3/27/2020, 9:04:28 PM  [blur] 1
INFO 3/27/2020, 9:04:47 PM  [focus] 1
INFO 3/27/2020, 9:04:47 PM  [blur] 1
INFO 3/27/2020, 9:05:01 PM  [focus] 1
INFO 3/27/2020, 9:05:02 PM  [blur] 1
INFO 3/27/2020, 9:05:33 PM  [focus] 1
INFO 3/27/2020, 9:05:33 PM  [blur] 1
INFO 3/27/2020, 9:05:33 PM  [focus] 1
INFO 3/27/2020, 9:05:33 PM  [blur] 1
INFO 3/27/2020, 9:05:54 PM  [focus] 1
INFO 3/27/2020, 9:05:54 PM  [blur] 1
INFO 3/27/2020, 9:05:54 PM  [focus] 1
INFO 3/27/2020, 9:05:54 PM  [blur] 1
INFO 3/27/2020, 9:05:54 PM  [focus] 1
INFO 3/27/2020, 9:05:54 PM  [blur] 1
INFO 3/27/2020, 9:28:40 PM  [focus] 1
INFO 3/27/2020, 9:28:40 PM  [blur] 1
INFO 3/27/2020, 9:28:45 PM  [focus] 1
INFO 3/27/2020, 9:28:48 PM  [blur] 1
INFO 3/27/2020, 9:28:48 PM  [focus] 1
INFO 3/27/2020, 9:28:50 PM  [blur] 1
INFO 3/27/2020, 9:29:30 PM  [focus] 1
INFO 3/27/2020, 9:29:30 PM  [blur] 1
INFO 3/27/2020, 9:43:26 PM  [focus] 1
INFO 3/27/2020, 9:43:26 PM  [blur] 1
INFO 3/27/2020, 9:43:27 PM  [focus] 1
INFO 3/27/2020, 9:43:27 PM  [blur] 1
INFO 3/27/2020, 9:48:50 PM  [focus] 1
INFO 3/27/2020, 9:48:51 PM  [blur] 1
INFO 3/27/2020, 9:48:53 PM  [focus] 1
INFO 3/27/2020, 9:48:54 PM  [blur] 1
INFO 3/27/2020, 9:58:30 PM  [focus] 1
INFO 3/27/2020, 9:58:30 PM  [blur] 1
INFO 3/27/2020, 10:14:05 PM  [focus] 1
INFO 3/27/2020, 10:14:05 PM  [blur] 1
INFO 3/27/2020, 10:17:48 PM  [focus] 1
INFO 3/27/2020, 10:17:48 PM  [blur] 1
INFO 3/27/2020, 10:17:50 PM  [focus] 1
INFO 3/27/2020, 10:17:55 PM  [blur] 1
INFO 3/27/2020, 10:21:03 PM  [focus] 1
INFO 3/27/2020, 10:21:03 PM  [blur] 1
INFO 3/27/2020, 10:21:29 PM  [focus] 1
INFO 3/27/2020, 10:21:32 PM  [blur] 1
INFO 3/27/2020, 10:21:43 PM  [focus] 1
INFO 3/27/2020, 10:21:44 PM  [blur] 1
INFO 3/27/2020, 10:22:06 PM  [focus] 1
INFO 3/27/2020, 10:22:09 PM  [blur] 1
INFO 3/27/2020, 10:22:14 PM  [focus] 1
INFO 3/27/2020, 10:22:14 PM  [blur] 1
INFO 3/27/2020, 10:22:16 PM  [focus] 1
INFO 3/27/2020, 10:22:17 PM  [blur] 1
INFO 3/27/2020, 10:22:34 PM  [focus] 1
INFO 3/27/2020, 10:22:35 PM  [blur] 1
INFO 3/27/2020, 10:35:24 PM  [focus] 1
INFO 3/27/2020, 10:35:27 PM  [blur] 1
INFO 3/27/2020, 11:32:51 PM  [focus] 1
INFO 3/27/2020, 11:32:55 PM  [blur] 1
INFO 3/27/2020, 11:33:17 PM  [focus] 1
INFO 3/27/2020, 11:33:29 PM  switchDocument
INFO 3/27/2020, 11:33:29 PM  addRecentDocument
INFO 3/27/2020, 11:36:07 PM  [blur] 1
INFO 3/27/2020, 11:36:22 PM  [focus] 1
INFO 3/27/2020, 11:36:23 PM  [blur] 1
INFO 3/27/2020, 11:36:35 PM  [focus] 1
INFO 3/27/2020, 11:36:36 PM  [blur] 1
INFO 3/27/2020, 11:36:37 PM  [focus] 1
INFO 3/27/2020, 11:37:00 PM  window.File && (function(){File.setDefaultImageStorage("ipic");})();
INFO 3/27/2020, 11:37:17 PM  [blur] 1
INFO 3/27/2020, 11:37:20 PM  [focus] 1
INFO 3/27/2020, 11:37:21 PM  [blur] 1
INFO 3/27/2020, 11:37:45 PM  [focus] 1
INFO 3/27/2020, 11:37:49 PM  ----------------before-quit-----------------
INFO 3/27/2020, 11:37:49 PM  ------------------will-quit------------------
